2017-12-20 22:21:49.441 [main] INFO  com_matrix.message.App - Starting App on paris with PID 3544 (/home/neo/GitHub/message/target/classes started by neo in /home/neo/GitHub/message)
2017-12-20 22:21:49.442 [main] INFO  com_matrix.message.App - No active profile set, falling back to default profiles: default
2017-12-20 22:21:49.464 [main] INFO  o.s.b.c.e.AnnotationConfigEmbeddedWebApplicationContext - Refreshing org.springframework.boot.context.embedded.AnnotationConfigEmbeddedWebApplicationContext@402e37bc: startup date [Wed Dec 20 22:21:49 CST 2017]; root of context hierarchy
2017-12-20 22:21:49.596 [background-preinit] INFO  org.hibernate.validator.internal.util.Version - HV000001: Hibernate Validator 5.3.5.Final
2017-12-20 22:21:50.182 [main] INFO  o.s.b.c.e.tomcat.TomcatEmbeddedServletContainer - Tomcat initialized with port(s): 8080 (http)
2017-12-20 22:21:50.191 [main] INFO  org.apache.catalina.core.StandardService - Starting service [Tomcat]
2017-12-20 22:21:50.192 [main] INFO  org.apache.catalina.core.StandardEngine - Starting Servlet Engine: Apache Tomcat/8.5.15
2017-12-20 22:21:50.292 [localhost-startStop-1] INFO  org.apache.jasper.servlet.TldScanner - At least one JAR was scanned for TLDs yet contained no TLDs. Enable debug logging for this logger for a complete list of JARs that were scanned but no TLDs were found in them. Skipping unneeded JARs during scanning can improve startup time and JSP compilation time.
2017-12-20 22:21:50.295 [localhost-startStop-1] INFO  o.a.c.core.ContainerBase.[Tomcat].[localhost].[/] - Initializing Spring embedded WebApplicationContext
2017-12-20 22:21:50.295 [localhost-startStop-1] INFO  org.springframework.web.context.ContextLoader - Root WebApplicationContext: initialization completed in 831 ms
2017-12-20 22:21:50.367 [localhost-startStop-1] INFO  o.s.boot.web.servlet.ServletRegistrationBean - Mapping servlet: 'dispatcherServlet' to [/]
2017-12-20 22:21:50.369 [localhost-startStop-1] INFO  o.s.boot.web.servlet.FilterRegistrationBean - Mapping filter: 'characterEncodingFilter' to: [/*]
2017-12-20 22:21:50.370 [localhost-startStop-1] INFO  o.s.boot.web.servlet.FilterRegistrationBean - Mapping filter: 'hiddenHttpMethodFilter' to: [/*]
2017-12-20 22:21:50.370 [localhost-startStop-1] INFO  o.s.boot.web.servlet.FilterRegistrationBean - Mapping filter: 'httpPutFormContentFilter' to: [/*]
2017-12-20 22:21:50.370 [localhost-startStop-1] INFO  o.s.boot.web.servlet.FilterRegistrationBean - Mapping filter: 'requestContextFilter' to: [/*]
2017-12-20 22:21:50.706 [main] INFO  o.s.orm.jpa.LocalContainerEntityManagerFactoryBean - Building JPA container EntityManagerFactory for persistence unit 'default'
2017-12-20 22:21:50.717 [main] INFO  org.hibernate.jpa.internal.util.LogHelper - HHH000204: Processing PersistenceUnitInfo [
	name: default
	...]
2017-12-20 22:21:50.759 [main] INFO  org.hibernate.Version - HHH000412: Hibernate Core {5.0.12.Final}
2017-12-20 22:21:50.760 [main] INFO  org.hibernate.cfg.Environment - HHH000206: hibernate.properties not found
2017-12-20 22:21:50.761 [main] INFO  org.hibernate.cfg.Environment - HHH000021: Bytecode provider name : javassist
2017-12-20 22:21:50.791 [main] INFO  org.hibernate.annotations.common.Version - HCANN000001: Hibernate Commons Annotations {5.0.1.Final}
2017-12-20 22:21:50.898 [main] INFO  org.hibernate.dialect.Dialect - HHH000400: Using dialect: org.hibernate.dialect.MySQL5Dialect
2017-12-20 22:21:51.018 [main] INFO  o.s.orm.jpa.LocalContainerEntityManagerFactoryBean - Initialized JPA EntityManagerFactory for persistence unit 'default'
2017-12-20 22:21:51.254 [main] INFO  o.s.w.s.m.m.a.RequestMappingHandlerAdapter - Looking for @ControllerAdvice: org.springframework.boot.context.embedded.AnnotationConfigEmbeddedWebApplicationContext@402e37bc: startup date [Wed Dec 20 22:21:49 CST 2017]; root of context hierarchy
2017-12-20 22:21:51.260 [main] INFO  o.s.w.s.m.m.a.RequestMappingHandlerAdapter - Detected @ModelAttribute methods in resourceUrlProviderController
2017-12-20 22:21:51.311 [main] INFO  o.s.w.s.m.m.a.RequestMappingHandlerMapping - Mapped "{[/hello/list]}" onto public java.util.List<java.util.Map<java.lang.String, java.lang.String>> com_matrix.message.controller.helloController.getList()
2017-12-20 22:21:51.312 [main] INFO  o.s.w.s.m.m.a.RequestMappingHandlerMapping - Mapped "{[/hello]}" onto public java.lang.String com_matrix.message.controller.helloController.hello()
2017-12-20 22:21:51.312 [main] INFO  o.s.w.s.m.m.a.RequestMappingHandlerMapping - Mapped "{[/hello/info]}" onto public java.util.Map<java.lang.String, java.lang.String> com_matrix.message.controller.helloController.getInfo(java.lang.String)
2017-12-20 22:21:51.312 [main] INFO  o.s.w.s.m.m.a.RequestMappingHandlerMapping - Mapped "{[/hello/user]}" onto public java.util.List<com_matrix.message.entity.user> com_matrix.message.controller.helloController.listUser()
2017-12-20 22:21:51.313 [main] INFO  o.s.w.s.m.m.a.RequestMappingHandlerMapping - Mapped "{[/page1]}" onto public org.springframework.web.servlet.ModelAndView com_matrix.message.controller.jspController.page1()
2017-12-20 22:21:51.313 [main] INFO  o.s.w.s.m.m.a.RequestMappingHandlerMapping - Mapped "{[/page2]}" onto public java.lang.String com_matrix.message.controller.jspController.page2(org.springframework.ui.Model)
2017-12-20 22:21:51.313 [main] INFO  o.s.w.s.m.m.a.RequestMappingHandlerMapping - Mapped "{[/ || /index]}" onto public java.lang.String com_matrix.message.controller.jspController.index(java.util.Map<java.lang.String, java.lang.Object>)
2017-12-20 22:21:51.314 [main] INFO  o.s.w.s.m.m.a.RequestMappingHandlerMapping - Mapped "{[/register]}" onto public java.lang.String com_matrix.message.controller.jspController.register(org.springframework.ui.Model)
2017-12-20 22:21:51.314 [main] INFO  o.s.w.s.m.m.a.RequestMappingHandlerMapping - Mapped "{[/webjarslocator/{webjar}/**]}" onto public org.springframework.http.ResponseEntity<java.lang.Object> com_matrix.message.controller.webJarsController.locateWebjarAsset(java.lang.String,javax.servlet.http.HttpServletRequest)
2017-12-20 22:21:51.316 [main] INFO  o.s.w.s.m.m.a.RequestMappingHandlerMapping - Mapped "{[/error],produces=[text/html]}" onto public org.springframework.web.servlet.ModelAndView org.springframework.boot.autoconfigure.web.BasicErrorController.errorHtml(javax.servlet.http.HttpServletRequest,javax.servlet.http.HttpServletResponse)
2017-12-20 22:21:51.316 [main] INFO  o.s.w.s.m.m.a.RequestMappingHandlerMapping - Mapped "{[/error]}" onto public org.springframework.http.ResponseEntity<java.util.Map<java.lang.String, java.lang.Object>> org.springframework.boot.autoconfigure.web.BasicErrorController.error(javax.servlet.http.HttpServletRequest)
2017-12-20 22:21:51.371 [main] INFO  o.s.web.servlet.handler.SimpleUrlHandlerMapping - Mapped URL path [/webjars/**] onto handler of type [class org.springframework.web.servlet.resource.ResourceHttpRequestHandler]
2017-12-20 22:21:51.371 [main] INFO  o.s.web.servlet.handler.SimpleUrlHandlerMapping - Mapped URL path [/**] onto handler of type [class org.springframework.web.servlet.resource.ResourceHttpRequestHandler]
2017-12-20 22:21:51.396 [main] INFO  o.s.web.servlet.handler.SimpleUrlHandlerMapping - Mapped URL path [/**/favicon.ico] onto handler of type [class org.springframework.web.servlet.resource.ResourceHttpRequestHandler]
2017-12-20 22:21:51.523 [main] INFO  o.s.jmx.export.annotation.AnnotationMBeanExporter - Registering beans for JMX exposure on startup
2017-12-20 22:21:51.533 [main] INFO  org.apache.coyote.http11.Http11NioProtocol - Initializing ProtocolHandler ["http-nio-8080"]
2017-12-20 22:21:51.538 [main] INFO  org.apache.coyote.http11.Http11NioProtocol - Starting ProtocolHandler ["http-nio-8080"]
2017-12-20 22:21:51.542 [main] INFO  org.apache.tomcat.util.net.NioSelectorPool - Using a shared selector for servlet write/read
2017-12-20 22:21:51.556 [main] INFO  o.s.b.c.e.tomcat.TomcatEmbeddedServletContainer - Tomcat started on port(s): 8080 (http)
2017-12-20 22:21:51.558 [main] INFO  com_matrix.message.App - Started App in 2.249 seconds (JVM running for 2.466)
2017-12-20 22:22:13.734 [http-nio-8080-exec-1] INFO  o.a.c.core.ContainerBase.[Tomcat].[localhost].[/] - Initializing Spring FrameworkServlet 'dispatcherServlet'
2017-12-20 22:22:13.734 [http-nio-8080-exec-1] INFO  org.springframework.web.servlet.DispatcherServlet - FrameworkServlet 'dispatcherServlet': initialization started
2017-12-20 22:22:13.741 [http-nio-8080-exec-1] INFO  org.springframework.web.servlet.DispatcherServlet - FrameworkServlet 'dispatcherServlet': initialization completed in 7 ms
2017-12-20 22:47:27.436 [Thread-4] INFO  o.s.b.c.e.AnnotationConfigEmbeddedWebApplicationContext - Closing org.springframework.boot.context.embedded.AnnotationConfigEmbeddedWebApplicationContext@402e37bc: startup date [Wed Dec 20 22:21:49 CST 2017]; root of context hierarchy
2017-12-20 22:47:27.439 [Thread-4] INFO  o.s.jmx.export.annotation.AnnotationMBeanExporter - Unregistering JMX-exposed beans on shutdown
2017-12-20 22:47:27.441 [Thread-4] INFO  o.s.orm.jpa.LocalContainerEntityManagerFactoryBean - Closing JPA EntityManagerFactory for persistence unit 'default'
2017-12-20 22:47:40.063 [main] INFO  com_matrix.message.App - Starting App on paris with PID 4758 (/home/neo/GitHub/message/target/classes started by neo in /home/neo/GitHub/message)
2017-12-20 22:47:40.064 [main] INFO  com_matrix.message.App - No active profile set, falling back to default profiles: default
2017-12-20 22:47:40.090 [main] INFO  o.s.b.c.e.AnnotationConfigEmbeddedWebApplicationContext - Refreshing org.springframework.boot.context.embedded.AnnotationConfigEmbeddedWebApplicationContext@402e37bc: startup date [Wed Dec 20 22:47:40 CST 2017]; root of context hierarchy
2017-12-20 22:47:40.225 [background-preinit] INFO  org.hibernate.validator.internal.util.Version - HV000001: Hibernate Validator 5.3.5.Final
2017-12-20 22:47:40.798 [main] INFO  o.s.b.c.e.tomcat.TomcatEmbeddedServletContainer - Tomcat initialized with port(s): 8080 (http)
2017-12-20 22:47:40.806 [main] INFO  org.apache.catalina.core.StandardService - Starting service [Tomcat]
2017-12-20 22:47:40.807 [main] INFO  org.apache.catalina.core.StandardEngine - Starting Servlet Engine: Apache Tomcat/8.5.15
2017-12-20 22:47:40.929 [localhost-startStop-1] INFO  org.apache.jasper.servlet.TldScanner - At least one JAR was scanned for TLDs yet contained no TLDs. Enable debug logging for this logger for a complete list of JARs that were scanned but no TLDs were found in them. Skipping unneeded JARs during scanning can improve startup time and JSP compilation time.
2017-12-20 22:47:40.932 [localhost-startStop-1] INFO  o.a.c.core.ContainerBase.[Tomcat].[localhost].[/] - Initializing Spring embedded WebApplicationContext
2017-12-20 22:47:40.932 [localhost-startStop-1] INFO  org.springframework.web.context.ContextLoader - Root WebApplicationContext: initialization completed in 842 ms
2017-12-20 22:47:41.017 [localhost-startStop-1] INFO  o.s.boot.web.servlet.ServletRegistrationBean - Mapping servlet: 'dispatcherServlet' to [/]
2017-12-20 22:47:41.020 [localhost-startStop-1] INFO  o.s.boot.web.servlet.FilterRegistrationBean - Mapping filter: 'characterEncodingFilter' to: [/*]
2017-12-20 22:47:41.021 [localhost-startStop-1] INFO  o.s.boot.web.servlet.FilterRegistrationBean - Mapping filter: 'hiddenHttpMethodFilter' to: [/*]
2017-12-20 22:47:41.021 [localhost-startStop-1] INFO  o.s.boot.web.servlet.FilterRegistrationBean - Mapping filter: 'httpPutFormContentFilter' to: [/*]
2017-12-20 22:47:41.021 [localhost-startStop-1] INFO  o.s.boot.web.servlet.FilterRegistrationBean - Mapping filter: 'requestContextFilter' to: [/*]
2017-12-20 22:47:41.312 [main] INFO  o.s.orm.jpa.LocalContainerEntityManagerFactoryBean - Building JPA container EntityManagerFactory for persistence unit 'default'
2017-12-20 22:47:41.322 [main] INFO  org.hibernate.jpa.internal.util.LogHelper - HHH000204: Processing PersistenceUnitInfo [
	name: default
	...]
2017-12-20 22:47:41.356 [main] INFO  org.hibernate.Version - HHH000412: Hibernate Core {5.0.12.Final}
2017-12-20 22:47:41.357 [main] INFO  org.hibernate.cfg.Environment - HHH000206: hibernate.properties not found
2017-12-20 22:47:41.358 [main] INFO  org.hibernate.cfg.Environment - HHH000021: Bytecode provider name : javassist
2017-12-20 22:47:41.378 [main] INFO  org.hibernate.annotations.common.Version - HCANN000001: Hibernate Commons Annotations {5.0.1.Final}
2017-12-20 22:47:41.474 [main] INFO  org.hibernate.dialect.Dialect - HHH000400: Using dialect: org.hibernate.dialect.MySQL5Dialect
2017-12-20 22:47:41.577 [main] INFO  o.s.orm.jpa.LocalContainerEntityManagerFactoryBean - Initialized JPA EntityManagerFactory for persistence unit 'default'
2017-12-20 22:47:41.763 [main] INFO  o.s.w.s.m.m.a.RequestMappingHandlerAdapter - Looking for @ControllerAdvice: org.springframework.boot.context.embedded.AnnotationConfigEmbeddedWebApplicationContext@402e37bc: startup date [Wed Dec 20 22:47:40 CST 2017]; root of context hierarchy
2017-12-20 22:47:41.768 [main] INFO  o.s.w.s.m.m.a.RequestMappingHandlerAdapter - Detected @ModelAttribute methods in resourceUrlProviderController
2017-12-20 22:47:41.813 [main] INFO  o.s.w.s.m.m.a.RequestMappingHandlerMapping - Mapped "{[/hello/info]}" onto public java.util.Map<java.lang.String, java.lang.String> com_matrix.message.controller.helloController.getInfo(java.lang.String)
2017-12-20 22:47:41.814 [main] INFO  o.s.w.s.m.m.a.RequestMappingHandlerMapping - Mapped "{[/hello/list]}" onto public java.util.List<java.util.Map<java.lang.String, java.lang.String>> com_matrix.message.controller.helloController.getList()
2017-12-20 22:47:41.814 [main] INFO  o.s.w.s.m.m.a.RequestMappingHandlerMapping - Mapped "{[/hello/user]}" onto public java.util.List<com_matrix.message.entity.user> com_matrix.message.controller.helloController.listUser()
2017-12-20 22:47:41.814 [main] INFO  o.s.w.s.m.m.a.RequestMappingHandlerMapping - Mapped "{[/hello]}" onto public java.lang.String com_matrix.message.controller.helloController.hello()
2017-12-20 22:47:41.814 [main] INFO  o.s.w.s.m.m.a.RequestMappingHandlerMapping - Mapped "{[/page1]}" onto public org.springframework.web.servlet.ModelAndView com_matrix.message.controller.jspController.page1()
2017-12-20 22:47:41.814 [main] INFO  o.s.w.s.m.m.a.RequestMappingHandlerMapping - Mapped "{[/]}" onto public org.springframework.web.servlet.ModelAndView com_matrix.message.controller.jspController.index()
2017-12-20 22:47:41.815 [main] INFO  o.s.w.s.m.m.a.RequestMappingHandlerMapping - Mapped "{[/register]}" onto public java.lang.String com_matrix.message.controller.jspController.register(org.springframework.ui.Model)
2017-12-20 22:47:41.815 [main] INFO  o.s.w.s.m.m.a.RequestMappingHandlerMapping - Mapped "{[/webjarslocator/{webjar}/**]}" onto public org.springframework.http.ResponseEntity<java.lang.Object> com_matrix.message.controller.webJarsController.locateWebjarAsset(java.lang.String,javax.servlet.http.HttpServletRequest)
2017-12-20 22:47:41.816 [main] INFO  o.s.w.s.m.m.a.RequestMappingHandlerMapping - Mapped "{[/error],produces=[text/html]}" onto public org.springframework.web.servlet.ModelAndView org.springframework.boot.autoconfigure.web.BasicErrorController.errorHtml(javax.servlet.http.HttpServletRequest,javax.servlet.http.HttpServletResponse)
2017-12-20 22:47:41.816 [main] INFO  o.s.w.s.m.m.a.RequestMappingHandlerMapping - Mapped "{[/error]}" onto public org.springframework.http.ResponseEntity<java.util.Map<java.lang.String, java.lang.Object>> org.springframework.boot.autoconfigure.web.BasicErrorController.error(javax.servlet.http.HttpServletRequest)
2017-12-20 22:47:41.869 [main] INFO  o.s.web.servlet.handler.SimpleUrlHandlerMapping - Mapped URL path [/webjars/**] onto handler of type [class org.springframework.web.servlet.resource.ResourceHttpRequestHandler]
2017-12-20 22:47:41.869 [main] INFO  o.s.web.servlet.handler.SimpleUrlHandlerMapping - Mapped URL path [/**] onto handler of type [class org.springframework.web.servlet.resource.ResourceHttpRequestHandler]
2017-12-20 22:47:41.892 [main] INFO  o.s.web.servlet.handler.SimpleUrlHandlerMapping - Mapped URL path [/**/favicon.ico] onto handler of type [class org.springframework.web.servlet.resource.ResourceHttpRequestHandler]
2017-12-20 22:47:42.027 [main] INFO  o.s.jmx.export.annotation.AnnotationMBeanExporter - Registering beans for JMX exposure on startup
2017-12-20 22:47:42.037 [main] INFO  org.apache.coyote.http11.Http11NioProtocol - Initializing ProtocolHandler ["http-nio-8080"]
2017-12-20 22:47:42.042 [main] INFO  org.apache.coyote.http11.Http11NioProtocol - Starting ProtocolHandler ["http-nio-8080"]
2017-12-20 22:47:42.046 [main] INFO  org.apache.tomcat.util.net.NioSelectorPool - Using a shared selector for servlet write/read
2017-12-20 22:47:42.061 [main] INFO  o.s.b.c.e.tomcat.TomcatEmbeddedServletContainer - Tomcat started on port(s): 8080 (http)
2017-12-20 22:47:42.063 [main] INFO  com_matrix.message.App - Started App in 2.124 seconds (JVM running for 2.352)
2017-12-20 22:47:49.964 [http-nio-8080-exec-1] INFO  o.a.c.core.ContainerBase.[Tomcat].[localhost].[/] - Initializing Spring FrameworkServlet 'dispatcherServlet'
2017-12-20 22:47:49.964 [http-nio-8080-exec-1] INFO  org.springframework.web.servlet.DispatcherServlet - FrameworkServlet 'dispatcherServlet': initialization started
2017-12-20 22:47:49.971 [http-nio-8080-exec-1] INFO  org.springframework.web.servlet.DispatcherServlet - FrameworkServlet 'dispatcherServlet': initialization completed in 7 ms
2017-12-20 22:57:16.474 [Thread-4] INFO  o.s.b.c.e.AnnotationConfigEmbeddedWebApplicationContext - Closing org.springframework.boot.context.embedded.AnnotationConfigEmbeddedWebApplicationContext@402e37bc: startup date [Wed Dec 20 22:47:40 CST 2017]; root of context hierarchy
2017-12-20 22:57:16.475 [Thread-4] INFO  o.s.jmx.export.annotation.AnnotationMBeanExporter - Unregistering JMX-exposed beans on shutdown
2017-12-20 22:57:16.476 [Thread-4] INFO  o.s.orm.jpa.LocalContainerEntityManagerFactoryBean - Closing JPA EntityManagerFactory for persistence unit 'default'
2017-12-20 22:57:27.182 [main] INFO  com_matrix.message.App - Starting App on paris with PID 5160 (/home/neo/GitHub/message/target/classes started by neo in /home/neo/GitHub/message)
2017-12-20 22:57:27.184 [main] INFO  com_matrix.message.App - No active profile set, falling back to default profiles: default
2017-12-20 22:57:27.208 [main] INFO  o.s.b.c.e.AnnotationConfigEmbeddedWebApplicationContext - Refreshing org.springframework.boot.context.embedded.AnnotationConfigEmbeddedWebApplicationContext@402e37bc: startup date [Wed Dec 20 22:57:27 CST 2017]; root of context hierarchy
2017-12-20 22:57:27.322 [background-preinit] INFO  org.hibernate.validator.internal.util.Version - HV000001: Hibernate Validator 5.3.5.Final
2017-12-20 22:57:27.853 [main] INFO  o.s.b.c.e.tomcat.TomcatEmbeddedServletContainer - Tomcat initialized with port(s): 8080 (http)
2017-12-20 22:57:27.861 [main] INFO  org.apache.catalina.core.StandardService - Starting service [Tomcat]
2017-12-20 22:57:27.861 [main] INFO  org.apache.catalina.core.StandardEngine - Starting Servlet Engine: Apache Tomcat/8.5.15
2017-12-20 22:57:27.971 [localhost-startStop-1] INFO  org.apache.jasper.servlet.TldScanner - At least one JAR was scanned for TLDs yet contained no TLDs. Enable debug logging for this logger for a complete list of JARs that were scanned but no TLDs were found in them. Skipping unneeded JARs during scanning can improve startup time and JSP compilation time.
2017-12-20 22:57:27.972 [localhost-startStop-1] INFO  o.a.c.core.ContainerBase.[Tomcat].[localhost].[/] - Initializing Spring embedded WebApplicationContext
2017-12-20 22:57:27.973 [localhost-startStop-1] INFO  org.springframework.web.context.ContextLoader - Root WebApplicationContext: initialization completed in 765 ms
2017-12-20 22:57:28.036 [localhost-startStop-1] INFO  o.s.boot.web.servlet.ServletRegistrationBean - Mapping servlet: 'dispatcherServlet' to [/]
2017-12-20 22:57:28.038 [localhost-startStop-1] INFO  o.s.boot.web.servlet.FilterRegistrationBean - Mapping filter: 'characterEncodingFilter' to: [/*]
2017-12-20 22:57:28.038 [localhost-startStop-1] INFO  o.s.boot.web.servlet.FilterRegistrationBean - Mapping filter: 'hiddenHttpMethodFilter' to: [/*]
2017-12-20 22:57:28.038 [localhost-startStop-1] INFO  o.s.boot.web.servlet.FilterRegistrationBean - Mapping filter: 'httpPutFormContentFilter' to: [/*]
2017-12-20 22:57:28.038 [localhost-startStop-1] INFO  o.s.boot.web.servlet.FilterRegistrationBean - Mapping filter: 'requestContextFilter' to: [/*]
2017-12-20 22:57:28.324 [main] INFO  o.s.orm.jpa.LocalContainerEntityManagerFactoryBean - Building JPA container EntityManagerFactory for persistence unit 'default'
2017-12-20 22:57:28.333 [main] INFO  org.hibernate.jpa.internal.util.LogHelper - HHH000204: Processing PersistenceUnitInfo [
	name: default
	...]
2017-12-20 22:57:28.373 [main] INFO  org.hibernate.Version - HHH000412: Hibernate Core {5.0.12.Final}
2017-12-20 22:57:28.374 [main] INFO  org.hibernate.cfg.Environment - HHH000206: hibernate.properties not found
2017-12-20 22:57:28.375 [main] INFO  org.hibernate.cfg.Environment - HHH000021: Bytecode provider name : javassist
2017-12-20 22:57:28.394 [main] INFO  org.hibernate.annotations.common.Version - HCANN000001: Hibernate Commons Annotations {5.0.1.Final}
2017-12-20 22:57:28.488 [main] INFO  org.hibernate.dialect.Dialect - HHH000400: Using dialect: org.hibernate.dialect.MySQL5Dialect
2017-12-20 22:57:28.591 [main] INFO  o.s.orm.jpa.LocalContainerEntityManagerFactoryBean - Initialized JPA EntityManagerFactory for persistence unit 'default'
2017-12-20 22:57:28.773 [main] INFO  o.s.w.s.m.m.a.RequestMappingHandlerAdapter - Looking for @ControllerAdvice: org.springframework.boot.context.embedded.AnnotationConfigEmbeddedWebApplicationContext@402e37bc: startup date [Wed Dec 20 22:57:27 CST 2017]; root of context hierarchy
2017-12-20 22:57:28.777 [main] INFO  o.s.w.s.m.m.a.RequestMappingHandlerAdapter - Detected @ModelAttribute methods in resourceUrlProviderController
2017-12-20 22:57:28.812 [main] INFO  o.s.w.s.m.m.a.RequestMappingHandlerMapping - Mapped "{[/hello/info]}" onto public java.util.Map<java.lang.String, java.lang.String> com_matrix.message.controller.helloController.getInfo(java.lang.String)
2017-12-20 22:57:28.812 [main] INFO  o.s.w.s.m.m.a.RequestMappingHandlerMapping - Mapped "{[/hello/list]}" onto public java.util.List<java.util.Map<java.lang.String, java.lang.String>> com_matrix.message.controller.helloController.getList()
2017-12-20 22:57:28.813 [main] INFO  o.s.w.s.m.m.a.RequestMappingHandlerMapping - Mapped "{[/hello/user]}" onto public java.util.List<com_matrix.message.entity.user> com_matrix.message.controller.helloController.listUser()
2017-12-20 22:57:28.813 [main] INFO  o.s.w.s.m.m.a.RequestMappingHandlerMapping - Mapped "{[/hello]}" onto public java.lang.String com_matrix.message.controller.helloController.hello()
2017-12-20 22:57:28.813 [main] INFO  o.s.w.s.m.m.a.RequestMappingHandlerMapping - Mapped "{[/page1]}" onto public org.springframework.web.servlet.ModelAndView com_matrix.message.controller.jspController.page1()
2017-12-20 22:57:28.813 [main] INFO  o.s.w.s.m.m.a.RequestMappingHandlerMapping - Mapped "{[/]}" onto public org.springframework.web.servlet.ModelAndView com_matrix.message.controller.jspController.index()
2017-12-20 22:57:28.813 [main] INFO  o.s.w.s.m.m.a.RequestMappingHandlerMapping - Mapped "{[/register]}" onto public java.lang.String com_matrix.message.controller.jspController.register(org.springframework.ui.Model)
2017-12-20 22:57:28.813 [main] INFO  o.s.w.s.m.m.a.RequestMappingHandlerMapping - Mapped "{[/webjarslocator/{webjar}/**]}" onto public org.springframework.http.ResponseEntity<java.lang.Object> com_matrix.message.controller.webJarsController.locateWebjarAsset(java.lang.String,javax.servlet.http.HttpServletRequest)
2017-12-20 22:57:28.815 [main] INFO  o.s.w.s.m.m.a.RequestMappingHandlerMapping - Mapped "{[/error],produces=[text/html]}" onto public org.springframework.web.servlet.ModelAndView org.springframework.boot.autoconfigure.web.BasicErrorController.errorHtml(javax.servlet.http.HttpServletRequest,javax.servlet.http.HttpServletResponse)
2017-12-20 22:57:28.815 [main] INFO  o.s.w.s.m.m.a.RequestMappingHandlerMapping - Mapped "{[/error]}" onto public org.springframework.http.ResponseEntity<java.util.Map<java.lang.String, java.lang.Object>> org.springframework.boot.autoconfigure.web.BasicErrorController.error(javax.servlet.http.HttpServletRequest)
2017-12-20 22:57:28.855 [main] INFO  o.s.web.servlet.handler.SimpleUrlHandlerMapping - Mapped URL path [/webjars/**] onto handler of type [class org.springframework.web.servlet.resource.ResourceHttpRequestHandler]
2017-12-20 22:57:28.856 [main] INFO  o.s.web.servlet.handler.SimpleUrlHandlerMapping - Mapped URL path [/**] onto handler of type [class org.springframework.web.servlet.resource.ResourceHttpRequestHandler]
2017-12-20 22:57:28.875 [main] INFO  o.s.web.servlet.handler.SimpleUrlHandlerMapping - Mapped URL path [/**/favicon.ico] onto handler of type [class org.springframework.web.servlet.resource.ResourceHttpRequestHandler]
2017-12-20 22:57:28.994 [main] INFO  o.s.jmx.export.annotation.AnnotationMBeanExporter - Registering beans for JMX exposure on startup
2017-12-20 22:57:29.004 [main] INFO  org.apache.coyote.http11.Http11NioProtocol - Initializing ProtocolHandler ["http-nio-8080"]
2017-12-20 22:57:29.009 [main] INFO  org.apache.coyote.http11.Http11NioProtocol - Starting ProtocolHandler ["http-nio-8080"]
2017-12-20 22:57:29.012 [main] INFO  org.apache.tomcat.util.net.NioSelectorPool - Using a shared selector for servlet write/read
2017-12-20 22:57:29.025 [main] INFO  o.s.b.c.e.tomcat.TomcatEmbeddedServletContainer - Tomcat started on port(s): 8080 (http)
2017-12-20 22:57:29.027 [main] INFO  com_matrix.message.App - Started App in 1.967 seconds (JVM running for 2.178)
2017-12-20 22:57:34.438 [http-nio-8080-exec-1] INFO  o.a.c.core.ContainerBase.[Tomcat].[localhost].[/] - Initializing Spring FrameworkServlet 'dispatcherServlet'
2017-12-20 22:57:34.439 [http-nio-8080-exec-1] INFO  org.springframework.web.servlet.DispatcherServlet - FrameworkServlet 'dispatcherServlet': initialization started
2017-12-20 22:57:34.446 [http-nio-8080-exec-1] INFO  org.springframework.web.servlet.DispatcherServlet - FrameworkServlet 'dispatcherServlet': initialization completed in 7 ms
2017-12-20 23:03:02.782 [Thread-4] INFO  o.s.b.c.e.AnnotationConfigEmbeddedWebApplicationContext - Closing org.springframework.boot.context.embedded.AnnotationConfigEmbeddedWebApplicationContext@402e37bc: startup date [Wed Dec 20 22:57:27 CST 2017]; root of context hierarchy
2017-12-20 23:03:02.785 [Thread-4] INFO  o.s.jmx.export.annotation.AnnotationMBeanExporter - Unregistering JMX-exposed beans on shutdown
2017-12-20 23:03:02.787 [Thread-4] INFO  o.s.orm.jpa.LocalContainerEntityManagerFactoryBean - Closing JPA EntityManagerFactory for persistence unit 'default'
2017-12-20 23:03:11.755 [main] INFO  com_matrix.message.App - Starting App on paris with PID 5309 (/home/neo/GitHub/message/target/classes started by neo in /home/neo/GitHub/message)
2017-12-20 23:03:11.756 [main] INFO  com_matrix.message.App - No active profile set, falling back to default profiles: default
2017-12-20 23:03:11.784 [main] INFO  o.s.b.c.e.AnnotationConfigEmbeddedWebApplicationContext - Refreshing org.springframework.boot.context.embedded.AnnotationConfigEmbeddedWebApplicationContext@402e37bc: startup date [Wed Dec 20 23:03:11 CST 2017]; root of context hierarchy
2017-12-20 23:03:11.880 [background-preinit] INFO  org.hibernate.validator.internal.util.Version - HV000001: Hibernate Validator 5.3.5.Final
2017-12-20 23:03:12.487 [main] INFO  o.s.b.c.e.tomcat.TomcatEmbeddedServletContainer - Tomcat initialized with port(s): 8080 (http)
2017-12-20 23:03:12.495 [main] INFO  org.apache.catalina.core.StandardService - Starting service [Tomcat]
2017-12-20 23:03:12.496 [main] INFO  org.apache.catalina.core.StandardEngine - Starting Servlet Engine: Apache Tomcat/8.5.15
2017-12-20 23:03:12.610 [localhost-startStop-1] INFO  org.apache.jasper.servlet.TldScanner - At least one JAR was scanned for TLDs yet contained no TLDs. Enable debug logging for this logger for a complete list of JARs that were scanned but no TLDs were found in them. Skipping unneeded JARs during scanning can improve startup time and JSP compilation time.
2017-12-20 23:03:12.612 [localhost-startStop-1] INFO  o.a.c.core.ContainerBase.[Tomcat].[localhost].[/] - Initializing Spring embedded WebApplicationContext
2017-12-20 23:03:12.612 [localhost-startStop-1] INFO  org.springframework.web.context.ContextLoader - Root WebApplicationContext: initialization completed in 828 ms
2017-12-20 23:03:12.693 [localhost-startStop-1] INFO  o.s.boot.web.servlet.ServletRegistrationBean - Mapping servlet: 'dispatcherServlet' to [/]
2017-12-20 23:03:12.696 [localhost-startStop-1] INFO  o.s.boot.web.servlet.FilterRegistrationBean - Mapping filter: 'characterEncodingFilter' to: [/*]
2017-12-20 23:03:12.696 [localhost-startStop-1] INFO  o.s.boot.web.servlet.FilterRegistrationBean - Mapping filter: 'hiddenHttpMethodFilter' to: [/*]
2017-12-20 23:03:12.696 [localhost-startStop-1] INFO  o.s.boot.web.servlet.FilterRegistrationBean - Mapping filter: 'httpPutFormContentFilter' to: [/*]
2017-12-20 23:03:12.696 [localhost-startStop-1] INFO  o.s.boot.web.servlet.FilterRegistrationBean - Mapping filter: 'requestContextFilter' to: [/*]
2017-12-20 23:03:12.975 [main] INFO  o.s.orm.jpa.LocalContainerEntityManagerFactoryBean - Building JPA container EntityManagerFactory for persistence unit 'default'
2017-12-20 23:03:12.984 [main] INFO  org.hibernate.jpa.internal.util.LogHelper - HHH000204: Processing PersistenceUnitInfo [
	name: default
	...]
2017-12-20 23:03:13.016 [main] INFO  org.hibernate.Version - HHH000412: Hibernate Core {5.0.12.Final}
2017-12-20 23:03:13.017 [main] INFO  org.hibernate.cfg.Environment - HHH000206: hibernate.properties not found
2017-12-20 23:03:13.018 [main] INFO  org.hibernate.cfg.Environment - HHH000021: Bytecode provider name : javassist
2017-12-20 23:03:13.038 [main] INFO  org.hibernate.annotations.common.Version - HCANN000001: Hibernate Commons Annotations {5.0.1.Final}
2017-12-20 23:03:13.133 [main] INFO  org.hibernate.dialect.Dialect - HHH000400: Using dialect: org.hibernate.dialect.MySQL5Dialect
2017-12-20 23:03:13.232 [main] INFO  o.s.orm.jpa.LocalContainerEntityManagerFactoryBean - Initialized JPA EntityManagerFactory for persistence unit 'default'
2017-12-20 23:03:13.407 [main] INFO  o.s.w.s.m.m.a.RequestMappingHandlerAdapter - Looking for @ControllerAdvice: org.springframework.boot.context.embedded.AnnotationConfigEmbeddedWebApplicationContext@402e37bc: startup date [Wed Dec 20 23:03:11 CST 2017]; root of context hierarchy
2017-12-20 23:03:13.411 [main] INFO  o.s.w.s.m.m.a.RequestMappingHandlerAdapter - Detected @ModelAttribute methods in resourceUrlProviderController
2017-12-20 23:03:13.448 [main] INFO  o.s.w.s.m.m.a.RequestMappingHandlerMapping - Mapped "{[/hello/info]}" onto public java.util.Map<java.lang.String, java.lang.String> com_matrix.message.controller.helloController.getInfo(java.lang.String)
2017-12-20 23:03:13.448 [main] INFO  o.s.w.s.m.m.a.RequestMappingHandlerMapping - Mapped "{[/hello/list]}" onto public java.util.List<java.util.Map<java.lang.String, java.lang.String>> com_matrix.message.controller.helloController.getList()
2017-12-20 23:03:13.449 [main] INFO  o.s.w.s.m.m.a.RequestMappingHandlerMapping - Mapped "{[/hello/user]}" onto public java.util.List<com_matrix.message.entity.user> com_matrix.message.controller.helloController.listUser()
2017-12-20 23:03:13.449 [main] INFO  o.s.w.s.m.m.a.RequestMappingHandlerMapping - Mapped "{[/hello]}" onto public java.lang.String com_matrix.message.controller.helloController.hello()
2017-12-20 23:03:13.449 [main] INFO  o.s.w.s.m.m.a.RequestMappingHandlerMapping - Mapped "{[/left]}" onto public org.springframework.web.servlet.ModelAndView com_matrix.message.controller.jspController.left()
2017-12-20 23:03:13.449 [main] INFO  o.s.w.s.m.m.a.RequestMappingHandlerMapping - Mapped "{[/]}" onto public org.springframework.web.servlet.ModelAndView com_matrix.message.controller.jspController.index()
2017-12-20 23:03:13.449 [main] INFO  o.s.w.s.m.m.a.RequestMappingHandlerMapping - Mapped "{[/register]}" onto public java.lang.String com_matrix.message.controller.jspController.register(org.springframework.ui.Model)
2017-12-20 23:03:13.450 [main] INFO  o.s.w.s.m.m.a.RequestMappingHandlerMapping - Mapped "{[/webjarslocator/{webjar}/**]}" onto public org.springframework.http.ResponseEntity<java.lang.Object> com_matrix.message.controller.webJarsController.locateWebjarAsset(java.lang.String,javax.servlet.http.HttpServletRequest)
2017-12-20 23:03:13.451 [main] INFO  o.s.w.s.m.m.a.RequestMappingHandlerMapping - Mapped "{[/error],produces=[text/html]}" onto public org.springframework.web.servlet.ModelAndView org.springframework.boot.autoconfigure.web.BasicErrorController.errorHtml(javax.servlet.http.HttpServletRequest,javax.servlet.http.HttpServletResponse)
2017-12-20 23:03:13.451 [main] INFO  o.s.w.s.m.m.a.RequestMappingHandlerMapping - Mapped "{[/error]}" onto public org.springframework.http.ResponseEntity<java.util.Map<java.lang.String, java.lang.Object>> org.springframework.boot.autoconfigure.web.BasicErrorController.error(javax.servlet.http.HttpServletRequest)
2017-12-20 23:03:13.493 [main] INFO  o.s.web.servlet.handler.SimpleUrlHandlerMapping - Mapped URL path [/webjars/**] onto handler of type [class org.springframework.web.servlet.resource.ResourceHttpRequestHandler]
2017-12-20 23:03:13.494 [main] INFO  o.s.web.servlet.handler.SimpleUrlHandlerMapping - Mapped URL path [/**] onto handler of type [class org.springframework.web.servlet.resource.ResourceHttpRequestHandler]
2017-12-20 23:03:13.513 [main] INFO  o.s.web.servlet.handler.SimpleUrlHandlerMapping - Mapped URL path [/**/favicon.ico] onto handler of type [class org.springframework.web.servlet.resource.ResourceHttpRequestHandler]
2017-12-20 23:03:13.645 [main] INFO  o.s.jmx.export.annotation.AnnotationMBeanExporter - Registering beans for JMX exposure on startup
2017-12-20 23:03:13.654 [main] INFO  org.apache.coyote.http11.Http11NioProtocol - Initializing ProtocolHandler ["http-nio-8080"]
2017-12-20 23:03:13.659 [main] INFO  org.apache.coyote.http11.Http11NioProtocol - Starting ProtocolHandler ["http-nio-8080"]
2017-12-20 23:03:13.662 [main] INFO  org.apache.tomcat.util.net.NioSelectorPool - Using a shared selector for servlet write/read
2017-12-20 23:03:13.674 [main] INFO  o.s.b.c.e.tomcat.TomcatEmbeddedServletContainer - Tomcat started on port(s): 8080 (http)
2017-12-20 23:03:13.676 [main] INFO  com_matrix.message.App - Started App in 2.059 seconds (JVM running for 2.27)
2017-12-20 23:03:57.591 [http-nio-8080-exec-1] INFO  o.a.c.core.ContainerBase.[Tomcat].[localhost].[/] - Initializing Spring FrameworkServlet 'dispatcherServlet'
2017-12-20 23:03:57.591 [http-nio-8080-exec-1] INFO  org.springframework.web.servlet.DispatcherServlet - FrameworkServlet 'dispatcherServlet': initialization started
2017-12-20 23:03:57.598 [http-nio-8080-exec-1] INFO  org.springframework.web.servlet.DispatcherServlet - FrameworkServlet 'dispatcherServlet': initialization completed in 7 ms
2017-12-20 23:05:20.262 [Thread-4] INFO  o.s.b.c.e.AnnotationConfigEmbeddedWebApplicationContext - Closing org.springframework.boot.context.embedded.AnnotationConfigEmbeddedWebApplicationContext@402e37bc: startup date [Wed Dec 20 23:03:11 CST 2017]; root of context hierarchy
2017-12-20 23:05:20.264 [Thread-4] INFO  o.s.jmx.export.annotation.AnnotationMBeanExporter - Unregistering JMX-exposed beans on shutdown
2017-12-20 23:05:20.264 [Thread-4] INFO  o.s.orm.jpa.LocalContainerEntityManagerFactoryBean - Closing JPA EntityManagerFactory for persistence unit 'default'
2017-12-20 23:05:27.718 [main] INFO  com_matrix.message.App - Starting App on paris with PID 5444 (/home/neo/GitHub/message/target/classes started by neo in /home/neo/GitHub/message)
2017-12-20 23:05:27.720 [main] INFO  com_matrix.message.App - No active profile set, falling back to default profiles: default
2017-12-20 23:05:27.743 [main] INFO  o.s.b.c.e.AnnotationConfigEmbeddedWebApplicationContext - Refreshing org.springframework.boot.context.embedded.AnnotationConfigEmbeddedWebApplicationContext@402e37bc: startup date [Wed Dec 20 23:05:27 CST 2017]; root of context hierarchy
2017-12-20 23:05:27.871 [background-preinit] INFO  org.hibernate.validator.internal.util.Version - HV000001: Hibernate Validator 5.3.5.Final
2017-12-20 23:05:28.480 [main] INFO  o.s.b.c.e.tomcat.TomcatEmbeddedServletContainer - Tomcat initialized with port(s): 8080 (http)
2017-12-20 23:05:28.489 [main] INFO  org.apache.catalina.core.StandardService - Starting service [Tomcat]
2017-12-20 23:05:28.490 [main] INFO  org.apache.catalina.core.StandardEngine - Starting Servlet Engine: Apache Tomcat/8.5.15
2017-12-20 23:05:28.589 [localhost-startStop-1] INFO  org.apache.jasper.servlet.TldScanner - At least one JAR was scanned for TLDs yet contained no TLDs. Enable debug logging for this logger for a complete list of JARs that were scanned but no TLDs were found in them. Skipping unneeded JARs during scanning can improve startup time and JSP compilation time.
2017-12-20 23:05:28.591 [localhost-startStop-1] INFO  o.a.c.core.ContainerBase.[Tomcat].[localhost].[/] - Initializing Spring embedded WebApplicationContext
2017-12-20 23:05:28.595 [localhost-startStop-1] INFO  org.springframework.web.context.ContextLoader - Root WebApplicationContext: initialization completed in 852 ms
2017-12-20 23:05:28.664 [localhost-startStop-1] INFO  o.s.boot.web.servlet.ServletRegistrationBean - Mapping servlet: 'dispatcherServlet' to [/]
2017-12-20 23:05:28.666 [localhost-startStop-1] INFO  o.s.boot.web.servlet.FilterRegistrationBean - Mapping filter: 'characterEncodingFilter' to: [/*]
2017-12-20 23:05:28.666 [localhost-startStop-1] INFO  o.s.boot.web.servlet.FilterRegistrationBean - Mapping filter: 'hiddenHttpMethodFilter' to: [/*]
2017-12-20 23:05:28.666 [localhost-startStop-1] INFO  o.s.boot.web.servlet.FilterRegistrationBean - Mapping filter: 'httpPutFormContentFilter' to: [/*]
2017-12-20 23:05:28.666 [localhost-startStop-1] INFO  o.s.boot.web.servlet.FilterRegistrationBean - Mapping filter: 'requestContextFilter' to: [/*]
2017-12-20 23:05:28.952 [main] INFO  o.s.orm.jpa.LocalContainerEntityManagerFactoryBean - Building JPA container EntityManagerFactory for persistence unit 'default'
2017-12-20 23:05:28.965 [main] INFO  org.hibernate.jpa.internal.util.LogHelper - HHH000204: Processing PersistenceUnitInfo [
	name: default
	...]
2017-12-20 23:05:29.005 [main] INFO  org.hibernate.Version - HHH000412: Hibernate Core {5.0.12.Final}
2017-12-20 23:05:29.006 [main] INFO  org.hibernate.cfg.Environment - HHH000206: hibernate.properties not found
2017-12-20 23:05:29.006 [main] INFO  org.hibernate.cfg.Environment - HHH000021: Bytecode provider name : javassist
2017-12-20 23:05:29.026 [main] INFO  org.hibernate.annotations.common.Version - HCANN000001: Hibernate Commons Annotations {5.0.1.Final}
2017-12-20 23:05:29.120 [main] INFO  org.hibernate.dialect.Dialect - HHH000400: Using dialect: org.hibernate.dialect.MySQL5Dialect
2017-12-20 23:05:29.219 [main] INFO  o.s.orm.jpa.LocalContainerEntityManagerFactoryBean - Initialized JPA EntityManagerFactory for persistence unit 'default'
2017-12-20 23:05:29.395 [main] INFO  o.s.w.s.m.m.a.RequestMappingHandlerAdapter - Looking for @ControllerAdvice: org.springframework.boot.context.embedded.AnnotationConfigEmbeddedWebApplicationContext@402e37bc: startup date [Wed Dec 20 23:05:27 CST 2017]; root of context hierarchy
2017-12-20 23:05:29.400 [main] INFO  o.s.w.s.m.m.a.RequestMappingHandlerAdapter - Detected @ModelAttribute methods in resourceUrlProviderController
2017-12-20 23:05:29.441 [main] INFO  o.s.w.s.m.m.a.RequestMappingHandlerMapping - Mapped "{[/hello/list]}" onto public java.util.List<java.util.Map<java.lang.String, java.lang.String>> com_matrix.message.controller.helloController.getList()
2017-12-20 23:05:29.441 [main] INFO  o.s.w.s.m.m.a.RequestMappingHandlerMapping - Mapped "{[/hello/user]}" onto public java.util.List<com_matrix.message.entity.user> com_matrix.message.controller.helloController.listUser()
2017-12-20 23:05:29.442 [main] INFO  o.s.w.s.m.m.a.RequestMappingHandlerMapping - Mapped "{[/hello/info]}" onto public java.util.Map<java.lang.String, java.lang.String> com_matrix.message.controller.helloController.getInfo(java.lang.String)
2017-12-20 23:05:29.442 [main] INFO  o.s.w.s.m.m.a.RequestMappingHandlerMapping - Mapped "{[/hello]}" onto public java.lang.String com_matrix.message.controller.helloController.hello()
2017-12-20 23:05:29.442 [main] INFO  o.s.w.s.m.m.a.RequestMappingHandlerMapping - Mapped "{[/left]}" onto public org.springframework.web.servlet.ModelAndView com_matrix.message.controller.jspController.left()
2017-12-20 23:05:29.442 [main] INFO  o.s.w.s.m.m.a.RequestMappingHandlerMapping - Mapped "{[/]}" onto public org.springframework.web.servlet.ModelAndView com_matrix.message.controller.jspController.index()
2017-12-20 23:05:29.442 [main] INFO  o.s.w.s.m.m.a.RequestMappingHandlerMapping - Mapped "{[/register]}" onto public java.lang.String com_matrix.message.controller.jspController.register(org.springframework.ui.Model)
2017-12-20 23:05:29.443 [main] INFO  o.s.w.s.m.m.a.RequestMappingHandlerMapping - Mapped "{[/webjarslocator/{webjar}/**]}" onto public org.springframework.http.ResponseEntity<java.lang.Object> com_matrix.message.controller.webJarsController.locateWebjarAsset(java.lang.String,javax.servlet.http.HttpServletRequest)
2017-12-20 23:05:29.444 [main] INFO  o.s.w.s.m.m.a.RequestMappingHandlerMapping - Mapped "{[/error],produces=[text/html]}" onto public org.springframework.web.servlet.ModelAndView org.springframework.boot.autoconfigure.web.BasicErrorController.errorHtml(javax.servlet.http.HttpServletRequest,javax.servlet.http.HttpServletResponse)
2017-12-20 23:05:29.444 [main] INFO  o.s.w.s.m.m.a.RequestMappingHandlerMapping - Mapped "{[/error]}" onto public org.springframework.http.ResponseEntity<java.util.Map<java.lang.String, java.lang.Object>> org.springframework.boot.autoconfigure.web.BasicErrorController.error(javax.servlet.http.HttpServletRequest)
2017-12-20 23:05:29.488 [main] INFO  o.s.web.servlet.handler.SimpleUrlHandlerMapping - Mapped URL path [/webjars/**] onto handler of type [class org.springframework.web.servlet.resource.ResourceHttpRequestHandler]
2017-12-20 23:05:29.488 [main] INFO  o.s.web.servlet.handler.SimpleUrlHandlerMapping - Mapped URL path [/**] onto handler of type [class org.springframework.web.servlet.resource.ResourceHttpRequestHandler]
2017-12-20 23:05:29.511 [main] INFO  o.s.web.servlet.handler.SimpleUrlHandlerMapping - Mapped URL path [/**/favicon.ico] onto handler of type [class org.springframework.web.servlet.resource.ResourceHttpRequestHandler]
2017-12-20 23:05:29.633 [main] INFO  o.s.jmx.export.annotation.AnnotationMBeanExporter - Registering beans for JMX exposure on startup
2017-12-20 23:05:29.641 [main] INFO  org.apache.coyote.http11.Http11NioProtocol - Initializing ProtocolHandler ["http-nio-8080"]
2017-12-20 23:05:29.647 [main] INFO  org.apache.coyote.http11.Http11NioProtocol - Starting ProtocolHandler ["http-nio-8080"]
2017-12-20 23:05:29.650 [main] INFO  org.apache.tomcat.util.net.NioSelectorPool - Using a shared selector for servlet write/read
2017-12-20 23:05:29.665 [main] INFO  o.s.b.c.e.tomcat.TomcatEmbeddedServletContainer - Tomcat started on port(s): 8080 (http)
2017-12-20 23:05:29.667 [main] INFO  com_matrix.message.App - Started App in 2.074 seconds (JVM running for 2.277)
2017-12-20 23:05:32.571 [http-nio-8080-exec-1] INFO  o.a.c.core.ContainerBase.[Tomcat].[localhost].[/] - Initializing Spring FrameworkServlet 'dispatcherServlet'
2017-12-20 23:05:32.571 [http-nio-8080-exec-1] INFO  org.springframework.web.servlet.DispatcherServlet - FrameworkServlet 'dispatcherServlet': initialization started
2017-12-20 23:05:32.577 [http-nio-8080-exec-1] INFO  org.springframework.web.servlet.DispatcherServlet - FrameworkServlet 'dispatcherServlet': initialization completed in 5 ms
2017-12-20 23:06:19.417 [Thread-4] INFO  o.s.b.c.e.AnnotationConfigEmbeddedWebApplicationContext - Closing org.springframework.boot.context.embedded.AnnotationConfigEmbeddedWebApplicationContext@402e37bc: startup date [Wed Dec 20 23:05:27 CST 2017]; root of context hierarchy
2017-12-20 23:06:19.420 [Thread-4] INFO  o.s.jmx.export.annotation.AnnotationMBeanExporter - Unregistering JMX-exposed beans on shutdown
2017-12-20 23:06:19.422 [Thread-4] INFO  o.s.orm.jpa.LocalContainerEntityManagerFactoryBean - Closing JPA EntityManagerFactory for persistence unit 'default'
2017-12-20 23:06:25.297 [main] INFO  com_matrix.message.App - Starting App on paris with PID 5507 (/home/neo/GitHub/message/target/classes started by neo in /home/neo/GitHub/message)
2017-12-20 23:06:25.298 [main] INFO  com_matrix.message.App - No active profile set, falling back to default profiles: default
2017-12-20 23:06:25.321 [main] INFO  o.s.b.c.e.AnnotationConfigEmbeddedWebApplicationContext - Refreshing org.springframework.boot.context.embedded.AnnotationConfigEmbeddedWebApplicationContext@402e37bc: startup date [Wed Dec 20 23:06:25 CST 2017]; root of context hierarchy
2017-12-20 23:06:25.429 [background-preinit] INFO  org.hibernate.validator.internal.util.Version - HV000001: Hibernate Validator 5.3.5.Final
2017-12-20 23:06:25.956 [main] INFO  o.s.b.c.e.tomcat.TomcatEmbeddedServletContainer - Tomcat initialized with port(s): 8080 (http)
2017-12-20 23:06:25.964 [main] INFO  org.apache.catalina.core.StandardService - Starting service [Tomcat]
2017-12-20 23:06:25.966 [main] INFO  org.apache.catalina.core.StandardEngine - Starting Servlet Engine: Apache Tomcat/8.5.15
2017-12-20 23:06:26.083 [localhost-startStop-1] INFO  org.apache.jasper.servlet.TldScanner - At least one JAR was scanned for TLDs yet contained no TLDs. Enable debug logging for this logger for a complete list of JARs that were scanned but no TLDs were found in them. Skipping unneeded JARs during scanning can improve startup time and JSP compilation time.
2017-12-20 23:06:26.084 [localhost-startStop-1] INFO  o.a.c.core.ContainerBase.[Tomcat].[localhost].[/] - Initializing Spring embedded WebApplicationContext
2017-12-20 23:06:26.085 [localhost-startStop-1] INFO  org.springframework.web.context.ContextLoader - Root WebApplicationContext: initialization completed in 764 ms
2017-12-20 23:06:26.149 [localhost-startStop-1] INFO  o.s.boot.web.servlet.ServletRegistrationBean - Mapping servlet: 'dispatcherServlet' to [/]
2017-12-20 23:06:26.150 [localhost-startStop-1] INFO  o.s.boot.web.servlet.FilterRegistrationBean - Mapping filter: 'characterEncodingFilter' to: [/*]
2017-12-20 23:06:26.155 [localhost-startStop-1] INFO  o.s.boot.web.servlet.FilterRegistrationBean - Mapping filter: 'hiddenHttpMethodFilter' to: [/*]
2017-12-20 23:06:26.155 [localhost-startStop-1] INFO  o.s.boot.web.servlet.FilterRegistrationBean - Mapping filter: 'httpPutFormContentFilter' to: [/*]
2017-12-20 23:06:26.155 [localhost-startStop-1] INFO  o.s.boot.web.servlet.FilterRegistrationBean - Mapping filter: 'requestContextFilter' to: [/*]
2017-12-20 23:06:26.433 [main] INFO  o.s.orm.jpa.LocalContainerEntityManagerFactoryBean - Building JPA container EntityManagerFactory for persistence unit 'default'
2017-12-20 23:06:26.443 [main] INFO  org.hibernate.jpa.internal.util.LogHelper - HHH000204: Processing PersistenceUnitInfo [
	name: default
	...]
2017-12-20 23:06:26.487 [main] INFO  org.hibernate.Version - HHH000412: Hibernate Core {5.0.12.Final}
2017-12-20 23:06:26.488 [main] INFO  org.hibernate.cfg.Environment - HHH000206: hibernate.properties not found
2017-12-20 23:06:26.488 [main] INFO  org.hibernate.cfg.Environment - HHH000021: Bytecode provider name : javassist
2017-12-20 23:06:26.508 [main] INFO  org.hibernate.annotations.common.Version - HCANN000001: Hibernate Commons Annotations {5.0.1.Final}
2017-12-20 23:06:26.597 [main] INFO  org.hibernate.dialect.Dialect - HHH000400: Using dialect: org.hibernate.dialect.MySQL5Dialect
2017-12-20 23:06:26.698 [main] INFO  o.s.orm.jpa.LocalContainerEntityManagerFactoryBean - Initialized JPA EntityManagerFactory for persistence unit 'default'
2017-12-20 23:06:26.877 [main] INFO  o.s.w.s.m.m.a.RequestMappingHandlerAdapter - Looking for @ControllerAdvice: org.springframework.boot.context.embedded.AnnotationConfigEmbeddedWebApplicationContext@402e37bc: startup date [Wed Dec 20 23:06:25 CST 2017]; root of context hierarchy
2017-12-20 23:06:26.881 [main] INFO  o.s.w.s.m.m.a.RequestMappingHandlerAdapter - Detected @ModelAttribute methods in resourceUrlProviderController
2017-12-20 23:06:26.918 [main] INFO  o.s.w.s.m.m.a.RequestMappingHandlerMapping - Mapped "{[/hello]}" onto public java.lang.String com_matrix.message.controller.helloController.hello()
2017-12-20 23:06:26.919 [main] INFO  o.s.w.s.m.m.a.RequestMappingHandlerMapping - Mapped "{[/hello/info]}" onto public java.util.Map<java.lang.String, java.lang.String> com_matrix.message.controller.helloController.getInfo(java.lang.String)
2017-12-20 23:06:26.919 [main] INFO  o.s.w.s.m.m.a.RequestMappingHandlerMapping - Mapped "{[/hello/list]}" onto public java.util.List<java.util.Map<java.lang.String, java.lang.String>> com_matrix.message.controller.helloController.getList()
2017-12-20 23:06:26.919 [main] INFO  o.s.w.s.m.m.a.RequestMappingHandlerMapping - Mapped "{[/hello/user]}" onto public java.util.List<com_matrix.message.entity.user> com_matrix.message.controller.helloController.listUser()
2017-12-20 23:06:26.920 [main] INFO  o.s.w.s.m.m.a.RequestMappingHandlerMapping - Mapped "{[/left]}" onto public org.springframework.web.servlet.ModelAndView com_matrix.message.controller.jspController.left()
2017-12-20 23:06:26.920 [main] INFO  o.s.w.s.m.m.a.RequestMappingHandlerMapping - Mapped "{[/]}" onto public org.springframework.web.servlet.ModelAndView com_matrix.message.controller.jspController.index()
2017-12-20 23:06:26.920 [main] INFO  o.s.w.s.m.m.a.RequestMappingHandlerMapping - Mapped "{[/register]}" onto public java.lang.String com_matrix.message.controller.jspController.register(org.springframework.ui.Model)
2017-12-20 23:06:26.920 [main] INFO  o.s.w.s.m.m.a.RequestMappingHandlerMapping - Mapped "{[/webjarslocator/{webjar}/**]}" onto public org.springframework.http.ResponseEntity<java.lang.Object> com_matrix.message.controller.webJarsController.locateWebjarAsset(java.lang.String,javax.servlet.http.HttpServletRequest)
2017-12-20 23:06:26.921 [main] INFO  o.s.w.s.m.m.a.RequestMappingHandlerMapping - Mapped "{[/error],produces=[text/html]}" onto public org.springframework.web.servlet.ModelAndView org.springframework.boot.autoconfigure.web.BasicErrorController.errorHtml(javax.servlet.http.HttpServletRequest,javax.servlet.http.HttpServletResponse)
2017-12-20 23:06:26.921 [main] INFO  o.s.w.s.m.m.a.RequestMappingHandlerMapping - Mapped "{[/error]}" onto public org.springframework.http.ResponseEntity<java.util.Map<java.lang.String, java.lang.Object>> org.springframework.boot.autoconfigure.web.BasicErrorController.error(javax.servlet.http.HttpServletRequest)
2017-12-20 23:06:26.961 [main] INFO  o.s.web.servlet.handler.SimpleUrlHandlerMapping - Mapped URL path [/webjars/**] onto handler of type [class org.springframework.web.servlet.resource.ResourceHttpRequestHandler]
2017-12-20 23:06:26.961 [main] INFO  o.s.web.servlet.handler.SimpleUrlHandlerMapping - Mapped URL path [/**] onto handler of type [class org.springframework.web.servlet.resource.ResourceHttpRequestHandler]
2017-12-20 23:06:26.980 [main] INFO  o.s.web.servlet.handler.SimpleUrlHandlerMapping - Mapped URL path [/**/favicon.ico] onto handler of type [class org.springframework.web.servlet.resource.ResourceHttpRequestHandler]
2017-12-20 23:06:27.099 [main] INFO  o.s.jmx.export.annotation.AnnotationMBeanExporter - Registering beans for JMX exposure on startup
2017-12-20 23:06:27.108 [main] INFO  org.apache.coyote.http11.Http11NioProtocol - Initializing ProtocolHandler ["http-nio-8080"]
2017-12-20 23:06:27.113 [main] INFO  org.apache.coyote.http11.Http11NioProtocol - Starting ProtocolHandler ["http-nio-8080"]
2017-12-20 23:06:27.116 [main] INFO  org.apache.tomcat.util.net.NioSelectorPool - Using a shared selector for servlet write/read
2017-12-20 23:06:27.130 [main] INFO  o.s.b.c.e.tomcat.TomcatEmbeddedServletContainer - Tomcat started on port(s): 8080 (http)
2017-12-20 23:06:27.133 [main] INFO  com_matrix.message.App - Started App in 1.959 seconds (JVM running for 2.154)
2017-12-20 23:06:30.058 [http-nio-8080-exec-1] INFO  o.a.c.core.ContainerBase.[Tomcat].[localhost].[/] - Initializing Spring FrameworkServlet 'dispatcherServlet'
2017-12-20 23:06:30.058 [http-nio-8080-exec-1] INFO  org.springframework.web.servlet.DispatcherServlet - FrameworkServlet 'dispatcherServlet': initialization started
2017-12-20 23:06:30.065 [http-nio-8080-exec-1] INFO  org.springframework.web.servlet.DispatcherServlet - FrameworkServlet 'dispatcherServlet': initialization completed in 6 ms
