2017-12-22 23:35:32.866 [main] INFO  com_matrix.message.App - Starting App on paris with PID 4735 (/home/neo/GitHub/message/target/classes started by neo in /home/neo/GitHub/message)
2017-12-22 23:35:32.871 [main] INFO  com_matrix.message.App - No active profile set, falling back to default profiles: default
2017-12-22 23:35:32.902 [main] INFO  o.s.b.c.e.AnnotationConfigEmbeddedWebApplicationContext - Refreshing org.springframework.boot.context.embedded.AnnotationConfigEmbeddedWebApplicationContext@b86de0d: startup date [Fri Dec 22 23:35:32 CST 2017]; root of context hierarchy
2017-12-22 23:35:33.040 [background-preinit] INFO  org.hibernate.validator.internal.util.Version - HV000001: Hibernate Validator 5.3.5.Final
2017-12-22 23:35:33.710 [main] INFO  o.s.b.c.e.tomcat.TomcatEmbeddedServletContainer - Tomcat initialized with port(s): 8080 (http)
2017-12-22 23:35:33.719 [main] INFO  org.apache.catalina.core.StandardService - Starting service [Tomcat]
2017-12-22 23:35:33.720 [main] INFO  org.apache.catalina.core.StandardEngine - Starting Servlet Engine: Apache Tomcat/8.5.15
2017-12-22 23:35:33.836 [localhost-startStop-1] INFO  org.apache.jasper.servlet.TldScanner - At least one JAR was scanned for TLDs yet contained no TLDs. Enable debug logging for this logger for a complete list of JARs that were scanned but no TLDs were found in them. Skipping unneeded JARs during scanning can improve startup time and JSP compilation time.
2017-12-22 23:35:33.838 [localhost-startStop-1] INFO  o.a.c.core.ContainerBase.[Tomcat].[localhost].[/] - Initializing Spring embedded WebApplicationContext
2017-12-22 23:35:33.838 [localhost-startStop-1] INFO  org.springframework.web.context.ContextLoader - Root WebApplicationContext: initialization completed in 936 ms
2017-12-22 23:35:33.931 [localhost-startStop-1] INFO  o.s.boot.web.servlet.ServletRegistrationBean - Mapping servlet: 'dispatcherServlet' to [/]
2017-12-22 23:35:33.934 [localhost-startStop-1] INFO  o.s.boot.web.servlet.FilterRegistrationBean - Mapping filter: 'characterEncodingFilter' to: [/*]
2017-12-22 23:35:33.935 [localhost-startStop-1] INFO  o.s.boot.web.servlet.FilterRegistrationBean - Mapping filter: 'hiddenHttpMethodFilter' to: [/*]
2017-12-22 23:35:33.935 [localhost-startStop-1] INFO  o.s.boot.web.servlet.FilterRegistrationBean - Mapping filter: 'httpPutFormContentFilter' to: [/*]
2017-12-22 23:35:33.935 [localhost-startStop-1] INFO  o.s.boot.web.servlet.FilterRegistrationBean - Mapping filter: 'requestContextFilter' to: [/*]
2017-12-22 23:35:34.289 [main] INFO  o.s.orm.jpa.LocalContainerEntityManagerFactoryBean - Building JPA container EntityManagerFactory for persistence unit 'default'
2017-12-22 23:35:34.301 [main] INFO  org.hibernate.jpa.internal.util.LogHelper - HHH000204: Processing PersistenceUnitInfo [
	name: default
	...]
2017-12-22 23:35:34.349 [main] INFO  org.hibernate.Version - HHH000412: Hibernate Core {5.0.12.Final}
2017-12-22 23:35:34.350 [main] INFO  org.hibernate.cfg.Environment - HHH000206: hibernate.properties not found
2017-12-22 23:35:34.351 [main] INFO  org.hibernate.cfg.Environment - HHH000021: Bytecode provider name : javassist
2017-12-22 23:35:34.377 [main] INFO  org.hibernate.annotations.common.Version - HCANN000001: Hibernate Commons Annotations {5.0.1.Final}
2017-12-22 23:35:34.487 [main] INFO  org.hibernate.dialect.Dialect - HHH000400: Using dialect: org.hibernate.dialect.MySQL5Dialect
2017-12-22 23:35:34.611 [main] INFO  o.s.orm.jpa.LocalContainerEntityManagerFactoryBean - Initialized JPA EntityManagerFactory for persistence unit 'default'
2017-12-22 23:35:34.841 [main] INFO  o.s.w.s.m.m.a.RequestMappingHandlerAdapter - Looking for @ControllerAdvice: org.springframework.boot.context.embedded.AnnotationConfigEmbeddedWebApplicationContext@b86de0d: startup date [Fri Dec 22 23:35:32 CST 2017]; root of context hierarchy
2017-12-22 23:35:34.845 [main] INFO  o.s.w.s.m.m.a.RequestMappingHandlerAdapter - Detected @ModelAttribute methods in resourceUrlProviderController
2017-12-22 23:35:34.896 [main] INFO  o.s.w.s.m.m.a.RequestMappingHandlerMapping - Mapped "{[/hello]}" onto public java.lang.String com_matrix.message.controller.helloController.hello()
2017-12-22 23:35:34.896 [main] INFO  o.s.w.s.m.m.a.RequestMappingHandlerMapping - Mapped "{[/hello/info]}" onto public java.util.Map<java.lang.String, java.lang.String> com_matrix.message.controller.helloController.getInfo(java.lang.String)
2017-12-22 23:35:34.897 [main] INFO  o.s.w.s.m.m.a.RequestMappingHandlerMapping - Mapped "{[/hello/user]}" onto public java.util.List<com_matrix.message.entity.user> com_matrix.message.controller.helloController.listUser()
2017-12-22 23:35:34.897 [main] INFO  o.s.w.s.m.m.a.RequestMappingHandlerMapping - Mapped "{[/hello/list]}" onto public java.util.List<java.util.Map<java.lang.String, java.lang.String>> com_matrix.message.controller.helloController.getList()
2017-12-22 23:35:34.897 [main] INFO  o.s.w.s.m.m.a.RequestMappingHandlerMapping - Mapped "{[/left]}" onto public org.springframework.web.servlet.ModelAndView com_matrix.message.controller.jspController.left()
2017-12-22 23:35:34.897 [main] INFO  o.s.w.s.m.m.a.RequestMappingHandlerMapping - Mapped "{[/]}" onto public org.springframework.web.servlet.ModelAndView com_matrix.message.controller.jspController.index()
2017-12-22 23:35:34.897 [main] INFO  o.s.w.s.m.m.a.RequestMappingHandlerMapping - Mapped "{[/register]}" onto public java.lang.String com_matrix.message.controller.jspController.register(org.springframework.ui.Model)
2017-12-22 23:35:34.897 [main] INFO  o.s.w.s.m.m.a.RequestMappingHandlerMapping - Mapped "{[/webjarslocator/{webjar}/**]}" onto public org.springframework.http.ResponseEntity<java.lang.Object> com_matrix.message.controller.webJarsController.locateWebjarAsset(java.lang.String,javax.servlet.http.HttpServletRequest)
2017-12-22 23:35:34.899 [main] INFO  o.s.w.s.m.m.a.RequestMappingHandlerMapping - Mapped "{[/error],produces=[text/html]}" onto public org.springframework.web.servlet.ModelAndView org.springframework.boot.autoconfigure.web.BasicErrorController.errorHtml(javax.servlet.http.HttpServletRequest,javax.servlet.http.HttpServletResponse)
2017-12-22 23:35:34.899 [main] INFO  o.s.w.s.m.m.a.RequestMappingHandlerMapping - Mapped "{[/error]}" onto public org.springframework.http.ResponseEntity<java.util.Map<java.lang.String, java.lang.Object>> org.springframework.boot.autoconfigure.web.BasicErrorController.error(javax.servlet.http.HttpServletRequest)
2017-12-22 23:35:34.949 [main] INFO  o.s.web.servlet.handler.SimpleUrlHandlerMapping - Mapped URL path [/webjars/**] onto handler of type [class org.springframework.web.servlet.resource.ResourceHttpRequestHandler]
2017-12-22 23:35:34.950 [main] INFO  o.s.web.servlet.handler.SimpleUrlHandlerMapping - Mapped URL path [/**] onto handler of type [class org.springframework.web.servlet.resource.ResourceHttpRequestHandler]
2017-12-22 23:35:34.978 [main] INFO  o.s.web.servlet.handler.SimpleUrlHandlerMapping - Mapped URL path [/**/favicon.ico] onto handler of type [class org.springframework.web.servlet.resource.ResourceHttpRequestHandler]
2017-12-22 23:35:35.192 [main] INFO  o.s.jmx.export.annotation.AnnotationMBeanExporter - Registering beans for JMX exposure on startup
2017-12-22 23:35:35.202 [main] INFO  org.apache.coyote.http11.Http11NioProtocol - Initializing ProtocolHandler ["http-nio-8080"]
2017-12-22 23:35:35.209 [main] INFO  org.apache.coyote.http11.Http11NioProtocol - Starting ProtocolHandler ["http-nio-8080"]
2017-12-22 23:35:35.213 [main] INFO  org.apache.tomcat.util.net.NioSelectorPool - Using a shared selector for servlet write/read
2017-12-22 23:35:35.238 [main] INFO  o.s.b.c.e.tomcat.TomcatEmbeddedServletContainer - Tomcat started on port(s): 8080 (http)
2017-12-22 23:35:35.241 [main] INFO  com_matrix.message.App - Started App in 2.523 seconds (JVM running for 2.903)
2017-12-22 23:36:00.745 [http-nio-8080-exec-2] INFO  o.a.c.core.ContainerBase.[Tomcat].[localhost].[/] - Initializing Spring FrameworkServlet 'dispatcherServlet'
2017-12-22 23:36:00.745 [http-nio-8080-exec-2] INFO  org.springframework.web.servlet.DispatcherServlet - FrameworkServlet 'dispatcherServlet': initialization started
2017-12-22 23:36:00.753 [http-nio-8080-exec-2] INFO  org.springframework.web.servlet.DispatcherServlet - FrameworkServlet 'dispatcherServlet': initialization completed in 8 ms
2017-12-22 23:52:16.074 [main] INFO  com_matrix.message.App - Starting App on paris with PID 7815 (/home/neo/GitHub/message/target/classes started by neo in /home/neo/GitHub/message)
2017-12-22 23:52:16.077 [main] INFO  com_matrix.message.App - No active profile set, falling back to default profiles: default
2017-12-22 23:52:16.101 [main] INFO  o.s.b.c.e.AnnotationConfigEmbeddedWebApplicationContext - Refreshing org.springframework.boot.context.embedded.AnnotationConfigEmbeddedWebApplicationContext@b86de0d: startup date [Fri Dec 22 23:52:16 CST 2017]; root of context hierarchy
2017-12-22 23:52:16.267 [background-preinit] INFO  org.hibernate.validator.internal.util.Version - HV000001: Hibernate Validator 5.3.5.Final
2017-12-22 23:52:16.851 [main] INFO  o.s.b.c.e.tomcat.TomcatEmbeddedServletContainer - Tomcat initialized with port(s): 8080 (http)
2017-12-22 23:52:16.859 [main] INFO  org.apache.catalina.core.StandardService - Starting service [Tomcat]
2017-12-22 23:52:16.860 [main] INFO  org.apache.catalina.core.StandardEngine - Starting Servlet Engine: Apache Tomcat/8.5.15
2017-12-22 23:52:16.968 [localhost-startStop-1] INFO  org.apache.jasper.servlet.TldScanner - At least one JAR was scanned for TLDs yet contained no TLDs. Enable debug logging for this logger for a complete list of JARs that were scanned but no TLDs were found in them. Skipping unneeded JARs during scanning can improve startup time and JSP compilation time.
2017-12-22 23:52:16.971 [localhost-startStop-1] INFO  o.a.c.core.ContainerBase.[Tomcat].[localhost].[/] - Initializing Spring embedded WebApplicationContext
2017-12-22 23:52:16.971 [localhost-startStop-1] INFO  org.springframework.web.context.ContextLoader - Root WebApplicationContext: initialization completed in 870 ms
2017-12-22 23:52:17.063 [localhost-startStop-1] INFO  o.s.boot.web.servlet.ServletRegistrationBean - Mapping servlet: 'dispatcherServlet' to [/]
2017-12-22 23:52:17.065 [localhost-startStop-1] INFO  o.s.boot.web.servlet.FilterRegistrationBean - Mapping filter: 'characterEncodingFilter' to: [/*]
2017-12-22 23:52:17.065 [localhost-startStop-1] INFO  o.s.boot.web.servlet.FilterRegistrationBean - Mapping filter: 'hiddenHttpMethodFilter' to: [/*]
2017-12-22 23:52:17.065 [localhost-startStop-1] INFO  o.s.boot.web.servlet.FilterRegistrationBean - Mapping filter: 'httpPutFormContentFilter' to: [/*]
2017-12-22 23:52:17.066 [localhost-startStop-1] INFO  o.s.boot.web.servlet.FilterRegistrationBean - Mapping filter: 'requestContextFilter' to: [/*]
2017-12-22 23:52:17.391 [main] INFO  o.s.orm.jpa.LocalContainerEntityManagerFactoryBean - Building JPA container EntityManagerFactory for persistence unit 'default'
2017-12-22 23:52:17.401 [main] INFO  org.hibernate.jpa.internal.util.LogHelper - HHH000204: Processing PersistenceUnitInfo [
	name: default
	...]
2017-12-22 23:52:17.440 [main] INFO  org.hibernate.Version - HHH000412: Hibernate Core {5.0.12.Final}
2017-12-22 23:52:17.441 [main] INFO  org.hibernate.cfg.Environment - HHH000206: hibernate.properties not found
2017-12-22 23:52:17.442 [main] INFO  org.hibernate.cfg.Environment - HHH000021: Bytecode provider name : javassist
2017-12-22 23:52:17.466 [main] INFO  org.hibernate.annotations.common.Version - HCANN000001: Hibernate Commons Annotations {5.0.1.Final}
2017-12-22 23:52:17.572 [main] INFO  org.hibernate.dialect.Dialect - HHH000400: Using dialect: org.hibernate.dialect.MySQL5Dialect
2017-12-22 23:52:17.691 [main] INFO  o.s.orm.jpa.LocalContainerEntityManagerFactoryBean - Initialized JPA EntityManagerFactory for persistence unit 'default'
2017-12-22 23:52:17.916 [main] INFO  o.s.w.s.m.m.a.RequestMappingHandlerAdapter - Looking for @ControllerAdvice: org.springframework.boot.context.embedded.AnnotationConfigEmbeddedWebApplicationContext@b86de0d: startup date [Fri Dec 22 23:52:16 CST 2017]; root of context hierarchy
2017-12-22 23:52:17.921 [main] INFO  o.s.w.s.m.m.a.RequestMappingHandlerAdapter - Detected @ModelAttribute methods in resourceUrlProviderController
2017-12-22 23:52:17.969 [main] INFO  o.s.w.s.m.m.a.RequestMappingHandlerMapping - Mapped "{[/hello]}" onto public java.lang.String com_matrix.message.controller.helloController.hello()
2017-12-22 23:52:17.970 [main] INFO  o.s.w.s.m.m.a.RequestMappingHandlerMapping - Mapped "{[/hello/info]}" onto public java.util.Map<java.lang.String, java.lang.String> com_matrix.message.controller.helloController.getInfo(java.lang.String)
2017-12-22 23:52:17.971 [main] INFO  o.s.w.s.m.m.a.RequestMappingHandlerMapping - Mapped "{[/hello/list]}" onto public java.util.List<java.util.Map<java.lang.String, java.lang.String>> com_matrix.message.controller.helloController.getList()
2017-12-22 23:52:17.971 [main] INFO  o.s.w.s.m.m.a.RequestMappingHandlerMapping - Mapped "{[/hello/user]}" onto public java.util.List<com_matrix.message.entity.user> com_matrix.message.controller.helloController.listUser()
2017-12-22 23:52:17.971 [main] INFO  o.s.w.s.m.m.a.RequestMappingHandlerMapping - Mapped "{[/left]}" onto public org.springframework.web.servlet.ModelAndView com_matrix.message.controller.jspController.left()
2017-12-22 23:52:17.971 [main] INFO  o.s.w.s.m.m.a.RequestMappingHandlerMapping - Mapped "{[/]}" onto public org.springframework.web.servlet.ModelAndView com_matrix.message.controller.jspController.index()
2017-12-22 23:52:17.971 [main] INFO  o.s.w.s.m.m.a.RequestMappingHandlerMapping - Mapped "{[/register]}" onto public java.lang.String com_matrix.message.controller.jspController.register(org.springframework.ui.Model)
2017-12-22 23:52:17.972 [main] INFO  o.s.w.s.m.m.a.RequestMappingHandlerMapping - Mapped "{[/webjarslocator/{webjar}/**]}" onto public org.springframework.http.ResponseEntity<java.lang.Object> com_matrix.message.controller.webJarsController.locateWebjarAsset(java.lang.String,javax.servlet.http.HttpServletRequest)
2017-12-22 23:52:17.973 [main] INFO  o.s.w.s.m.m.a.RequestMappingHandlerMapping - Mapped "{[/error],produces=[text/html]}" onto public org.springframework.web.servlet.ModelAndView org.springframework.boot.autoconfigure.web.BasicErrorController.errorHtml(javax.servlet.http.HttpServletRequest,javax.servlet.http.HttpServletResponse)
2017-12-22 23:52:17.973 [main] INFO  o.s.w.s.m.m.a.RequestMappingHandlerMapping - Mapped "{[/error]}" onto public org.springframework.http.ResponseEntity<java.util.Map<java.lang.String, java.lang.Object>> org.springframework.boot.autoconfigure.web.BasicErrorController.error(javax.servlet.http.HttpServletRequest)
2017-12-22 23:52:18.021 [main] INFO  o.s.web.servlet.handler.SimpleUrlHandlerMapping - Mapped URL path [/webjars/**] onto handler of type [class org.springframework.web.servlet.resource.ResourceHttpRequestHandler]
2017-12-22 23:52:18.021 [main] INFO  o.s.web.servlet.handler.SimpleUrlHandlerMapping - Mapped URL path [/**] onto handler of type [class org.springframework.web.servlet.resource.ResourceHttpRequestHandler]
2017-12-22 23:52:18.049 [main] INFO  o.s.web.servlet.handler.SimpleUrlHandlerMapping - Mapped URL path [/**/favicon.ico] onto handler of type [class org.springframework.web.servlet.resource.ResourceHttpRequestHandler]
2017-12-22 23:52:18.270 [main] INFO  o.s.jmx.export.annotation.AnnotationMBeanExporter - Registering beans for JMX exposure on startup
2017-12-22 23:52:18.280 [main] INFO  org.apache.coyote.http11.Http11NioProtocol - Initializing ProtocolHandler ["http-nio-8080"]
2017-12-22 23:52:18.286 [main] INFO  org.apache.coyote.http11.Http11NioProtocol - Starting ProtocolHandler ["http-nio-8080"]
2017-12-22 23:52:18.289 [main] INFO  org.apache.tomcat.util.net.NioSelectorPool - Using a shared selector for servlet write/read
2017-12-22 23:52:18.316 [main] INFO  o.s.b.c.e.tomcat.TomcatEmbeddedServletContainer - Tomcat started on port(s): 8080 (http)
2017-12-22 23:52:18.319 [main] INFO  com_matrix.message.App - Started App in 2.382 seconds (JVM running for 2.739)
2017-12-22 23:52:26.755 [http-nio-8080-exec-1] INFO  o.a.c.core.ContainerBase.[Tomcat].[localhost].[/] - Initializing Spring FrameworkServlet 'dispatcherServlet'
2017-12-22 23:52:26.756 [http-nio-8080-exec-1] INFO  org.springframework.web.servlet.DispatcherServlet - FrameworkServlet 'dispatcherServlet': initialization started
2017-12-22 23:52:26.764 [http-nio-8080-exec-1] INFO  org.springframework.web.servlet.DispatcherServlet - FrameworkServlet 'dispatcherServlet': initialization completed in 8 ms
2017-12-22 23:53:37.800 [main] INFO  com_matrix.message.App - Starting App on paris with PID 8081 (/home/neo/GitHub/message/target/classes started by neo in /home/neo/GitHub/message)
2017-12-22 23:53:37.803 [main] INFO  com_matrix.message.App - No active profile set, falling back to default profiles: default
2017-12-22 23:53:37.829 [main] INFO  o.s.b.c.e.AnnotationConfigEmbeddedWebApplicationContext - Refreshing org.springframework.boot.context.embedded.AnnotationConfigEmbeddedWebApplicationContext@b86de0d: startup date [Fri Dec 22 23:53:37 CST 2017]; root of context hierarchy
2017-12-22 23:53:37.947 [background-preinit] INFO  org.hibernate.validator.internal.util.Version - HV000001: Hibernate Validator 5.3.5.Final
2017-12-22 23:53:38.588 [main] INFO  o.s.b.c.e.tomcat.TomcatEmbeddedServletContainer - Tomcat initialized with port(s): 8080 (http)
2017-12-22 23:53:38.596 [main] INFO  org.apache.catalina.core.StandardService - Starting service [Tomcat]
2017-12-22 23:53:38.597 [main] INFO  org.apache.catalina.core.StandardEngine - Starting Servlet Engine: Apache Tomcat/8.5.15
2017-12-22 23:53:38.720 [localhost-startStop-1] INFO  org.apache.jasper.servlet.TldScanner - At least one JAR was scanned for TLDs yet contained no TLDs. Enable debug logging for this logger for a complete list of JARs that were scanned but no TLDs were found in them. Skipping unneeded JARs during scanning can improve startup time and JSP compilation time.
2017-12-22 23:53:38.722 [localhost-startStop-1] INFO  o.a.c.core.ContainerBase.[Tomcat].[localhost].[/] - Initializing Spring embedded WebApplicationContext
2017-12-22 23:53:38.722 [localhost-startStop-1] INFO  org.springframework.web.context.ContextLoader - Root WebApplicationContext: initialization completed in 893 ms
2017-12-22 23:53:38.821 [localhost-startStop-1] INFO  o.s.boot.web.servlet.ServletRegistrationBean - Mapping servlet: 'dispatcherServlet' to [/]
2017-12-22 23:53:38.823 [localhost-startStop-1] INFO  o.s.boot.web.servlet.FilterRegistrationBean - Mapping filter: 'characterEncodingFilter' to: [/*]
2017-12-22 23:53:38.823 [localhost-startStop-1] INFO  o.s.boot.web.servlet.FilterRegistrationBean - Mapping filter: 'hiddenHttpMethodFilter' to: [/*]
2017-12-22 23:53:38.824 [localhost-startStop-1] INFO  o.s.boot.web.servlet.FilterRegistrationBean - Mapping filter: 'httpPutFormContentFilter' to: [/*]
2017-12-22 23:53:38.824 [localhost-startStop-1] INFO  o.s.boot.web.servlet.FilterRegistrationBean - Mapping filter: 'requestContextFilter' to: [/*]
2017-12-22 23:53:39.158 [main] INFO  o.s.orm.jpa.LocalContainerEntityManagerFactoryBean - Building JPA container EntityManagerFactory for persistence unit 'default'
2017-12-22 23:53:39.169 [main] INFO  org.hibernate.jpa.internal.util.LogHelper - HHH000204: Processing PersistenceUnitInfo [
	name: default
	...]
2017-12-22 23:53:39.208 [main] INFO  org.hibernate.Version - HHH000412: Hibernate Core {5.0.12.Final}
2017-12-22 23:53:39.209 [main] INFO  org.hibernate.cfg.Environment - HHH000206: hibernate.properties not found
2017-12-22 23:53:39.210 [main] INFO  org.hibernate.cfg.Environment - HHH000021: Bytecode provider name : javassist
2017-12-22 23:53:39.235 [main] INFO  org.hibernate.annotations.common.Version - HCANN000001: Hibernate Commons Annotations {5.0.1.Final}
2017-12-22 23:53:39.342 [main] INFO  org.hibernate.dialect.Dialect - HHH000400: Using dialect: org.hibernate.dialect.MySQL5Dialect
2017-12-22 23:53:39.457 [main] INFO  o.s.orm.jpa.LocalContainerEntityManagerFactoryBean - Initialized JPA EntityManagerFactory for persistence unit 'default'
2017-12-22 23:53:39.691 [main] INFO  o.s.w.s.m.m.a.RequestMappingHandlerAdapter - Looking for @ControllerAdvice: org.springframework.boot.context.embedded.AnnotationConfigEmbeddedWebApplicationContext@b86de0d: startup date [Fri Dec 22 23:53:37 CST 2017]; root of context hierarchy
2017-12-22 23:53:39.696 [main] INFO  o.s.w.s.m.m.a.RequestMappingHandlerAdapter - Detected @ModelAttribute methods in resourceUrlProviderController
2017-12-22 23:53:39.745 [main] INFO  o.s.w.s.m.m.a.RequestMappingHandlerMapping - Mapped "{[/hello/info]}" onto public java.util.Map<java.lang.String, java.lang.String> com_matrix.message.controller.helloController.getInfo(java.lang.String)
2017-12-22 23:53:39.746 [main] INFO  o.s.w.s.m.m.a.RequestMappingHandlerMapping - Mapped "{[/hello/list]}" onto public java.util.List<java.util.Map<java.lang.String, java.lang.String>> com_matrix.message.controller.helloController.getList()
2017-12-22 23:53:39.746 [main] INFO  o.s.w.s.m.m.a.RequestMappingHandlerMapping - Mapped "{[/hello/user]}" onto public java.util.List<com_matrix.message.entity.user> com_matrix.message.controller.helloController.listUser()
2017-12-22 23:53:39.746 [main] INFO  o.s.w.s.m.m.a.RequestMappingHandlerMapping - Mapped "{[/hello]}" onto public java.lang.String com_matrix.message.controller.helloController.hello()
2017-12-22 23:53:39.746 [main] INFO  o.s.w.s.m.m.a.RequestMappingHandlerMapping - Mapped "{[/left]}" onto public org.springframework.web.servlet.ModelAndView com_matrix.message.controller.jspController.left()
2017-12-22 23:53:39.746 [main] INFO  o.s.w.s.m.m.a.RequestMappingHandlerMapping - Mapped "{[/]}" onto public org.springframework.web.servlet.ModelAndView com_matrix.message.controller.jspController.index()
2017-12-22 23:53:39.747 [main] INFO  o.s.w.s.m.m.a.RequestMappingHandlerMapping - Mapped "{[/register]}" onto public java.lang.String com_matrix.message.controller.jspController.register(org.springframework.ui.Model)
2017-12-22 23:53:39.747 [main] INFO  o.s.w.s.m.m.a.RequestMappingHandlerMapping - Mapped "{[/webjarslocator/{webjar}/**]}" onto public org.springframework.http.ResponseEntity<java.lang.Object> com_matrix.message.controller.webJarsController.locateWebjarAsset(java.lang.String,javax.servlet.http.HttpServletRequest)
2017-12-22 23:53:39.748 [main] INFO  o.s.w.s.m.m.a.RequestMappingHandlerMapping - Mapped "{[/error],produces=[text/html]}" onto public org.springframework.web.servlet.ModelAndView org.springframework.boot.autoconfigure.web.BasicErrorController.errorHtml(javax.servlet.http.HttpServletRequest,javax.servlet.http.HttpServletResponse)
2017-12-22 23:53:39.749 [main] INFO  o.s.w.s.m.m.a.RequestMappingHandlerMapping - Mapped "{[/error]}" onto public org.springframework.http.ResponseEntity<java.util.Map<java.lang.String, java.lang.Object>> org.springframework.boot.autoconfigure.web.BasicErrorController.error(javax.servlet.http.HttpServletRequest)
2017-12-22 23:53:39.800 [main] INFO  o.s.web.servlet.handler.SimpleUrlHandlerMapping - Mapped URL path [/webjars/**] onto handler of type [class org.springframework.web.servlet.resource.ResourceHttpRequestHandler]
2017-12-22 23:53:39.800 [main] INFO  o.s.web.servlet.handler.SimpleUrlHandlerMapping - Mapped URL path [/**] onto handler of type [class org.springframework.web.servlet.resource.ResourceHttpRequestHandler]
2017-12-22 23:53:39.830 [main] INFO  o.s.web.servlet.handler.SimpleUrlHandlerMapping - Mapped URL path [/**/favicon.ico] onto handler of type [class org.springframework.web.servlet.resource.ResourceHttpRequestHandler]
2017-12-22 23:53:40.042 [main] INFO  o.s.jmx.export.annotation.AnnotationMBeanExporter - Registering beans for JMX exposure on startup
2017-12-22 23:53:40.053 [main] INFO  org.apache.coyote.http11.Http11NioProtocol - Initializing ProtocolHandler ["http-nio-8080"]
2017-12-22 23:53:40.059 [main] INFO  org.apache.coyote.http11.Http11NioProtocol - Starting ProtocolHandler ["http-nio-8080"]
2017-12-22 23:53:40.062 [main] ERROR org.apache.coyote.http11.Http11NioProtocol - Failed to start end point associated with ProtocolHandler ["http-nio-8080"]
java.net.BindException: Address already in use
	at sun.nio.ch.Net.bind0(Native Method)
	at sun.nio.ch.Net.bind(Net.java:433)
	at sun.nio.ch.Net.bind(Net.java:425)
	at sun.nio.ch.ServerSocketChannelImpl.bind(ServerSocketChannelImpl.java:223)
	at sun.nio.ch.ServerSocketAdaptor.bind(ServerSocketAdaptor.java:74)
	at org.apache.tomcat.util.net.NioEndpoint.bind(NioEndpoint.java:210)
	at org.apache.tomcat.util.net.AbstractEndpoint.start(AbstractEndpoint.java:978)
	at org.apache.coyote.AbstractProtocol.start(AbstractProtocol.java:628)
	at org.apache.catalina.connector.Connector.startInternal(Connector.java:1022)
	at org.apache.catalina.util.LifecycleBase.start(LifecycleBase.java:150)
	at org.apache.catalina.core.StandardService.addConnector(StandardService.java:225)
	at org.springframework.boot.context.embedded.tomcat.TomcatEmbeddedServletContainer.addPreviouslyRemovedConnectors(TomcatEmbeddedServletContainer.java:250)
	at org.springframework.boot.context.embedded.tomcat.TomcatEmbeddedServletContainer.start(TomcatEmbeddedServletContainer.java:193)
	at org.springframework.boot.context.embedded.EmbeddedWebApplicationContext.startEmbeddedServletContainer(EmbeddedWebApplicationContext.java:297)
	at org.springframework.boot.context.embedded.EmbeddedWebApplicationContext.finishRefresh(EmbeddedWebApplicationContext.java:145)
	at org.springframework.context.support.AbstractApplicationContext.refresh(AbstractApplicationContext.java:546)
	at org.springframework.boot.context.embedded.EmbeddedWebApplicationContext.refresh(EmbeddedWebApplicationContext.java:122)
	at org.springframework.boot.SpringApplication.refresh(SpringApplication.java:693)
	at org.springframework.boot.SpringApplication.refreshContext(SpringApplication.java:360)
	at org.springframework.boot.SpringApplication.run(SpringApplication.java:303)
	at org.springframework.boot.SpringApplication.run(SpringApplication.java:1118)
	at org.springframework.boot.SpringApplication.run(SpringApplication.java:1107)
	at com_matrix.message.App.main(App.java:11)
2017-12-22 23:53:40.063 [main] ERROR org.apache.catalina.core.StandardService - Failed to start connector [Connector[HTTP/1.1-8080]]
org.apache.catalina.LifecycleException: Failed to start component [Connector[HTTP/1.1-8080]]
	at org.apache.catalina.util.LifecycleBase.start(LifecycleBase.java:167)
	at org.apache.catalina.core.StandardService.addConnector(StandardService.java:225)
	at org.springframework.boot.context.embedded.tomcat.TomcatEmbeddedServletContainer.addPreviouslyRemovedConnectors(TomcatEmbeddedServletContainer.java:250)
	at org.springframework.boot.context.embedded.tomcat.TomcatEmbeddedServletContainer.start(TomcatEmbeddedServletContainer.java:193)
	at org.springframework.boot.context.embedded.EmbeddedWebApplicationContext.startEmbeddedServletContainer(EmbeddedWebApplicationContext.java:297)
	at org.springframework.boot.context.embedded.EmbeddedWebApplicationContext.finishRefresh(EmbeddedWebApplicationContext.java:145)
	at org.springframework.context.support.AbstractApplicationContext.refresh(AbstractApplicationContext.java:546)
	at org.springframework.boot.context.embedded.EmbeddedWebApplicationContext.refresh(EmbeddedWebApplicationContext.java:122)
	at org.springframework.boot.SpringApplication.refresh(SpringApplication.java:693)
	at org.springframework.boot.SpringApplication.refreshContext(SpringApplication.java:360)
	at org.springframework.boot.SpringApplication.run(SpringApplication.java:303)
	at org.springframework.boot.SpringApplication.run(SpringApplication.java:1118)
	at org.springframework.boot.SpringApplication.run(SpringApplication.java:1107)
	at com_matrix.message.App.main(App.java:11)
Caused by: org.apache.catalina.LifecycleException: service.getName(): "Tomcat";  Protocol handler start failed
	at org.apache.catalina.connector.Connector.startInternal(Connector.java:1029)
	at org.apache.catalina.util.LifecycleBase.start(LifecycleBase.java:150)
	... 13 common frames omitted
Caused by: java.net.BindException: Address already in use
	at sun.nio.ch.Net.bind0(Native Method)
	at sun.nio.ch.Net.bind(Net.java:433)
	at sun.nio.ch.Net.bind(Net.java:425)
	at sun.nio.ch.ServerSocketChannelImpl.bind(ServerSocketChannelImpl.java:223)
	at sun.nio.ch.ServerSocketAdaptor.bind(ServerSocketAdaptor.java:74)
	at org.apache.tomcat.util.net.NioEndpoint.bind(NioEndpoint.java:210)
	at org.apache.tomcat.util.net.AbstractEndpoint.start(AbstractEndpoint.java:978)
	at org.apache.coyote.AbstractProtocol.start(AbstractProtocol.java:628)
	at org.apache.catalina.connector.Connector.startInternal(Connector.java:1022)
	... 14 common frames omitted
2017-12-22 23:53:40.073 [main] INFO  org.apache.coyote.http11.Http11NioProtocol - Pausing ProtocolHandler ["http-nio-8080"]
2017-12-22 23:53:40.073 [main] INFO  org.apache.catalina.core.StandardService - Stopping service [Tomcat]
2017-12-22 23:53:40.085 [main] INFO  org.apache.catalina.util.LifecycleBase - The stop() method was called on component [StandardServer[-1]] after stop() had already been called. The second call will be ignored.
2017-12-22 23:53:40.085 [main] INFO  org.apache.coyote.http11.Http11NioProtocol - Stopping ProtocolHandler ["http-nio-8080"]
2017-12-22 23:53:40.085 [main] INFO  org.apache.coyote.http11.Http11NioProtocol - Destroying ProtocolHandler ["http-nio-8080"]
2017-12-22 23:53:40.087 [main] INFO  o.s.b.a.l.AutoConfigurationReportLoggingInitializer - 

Error starting ApplicationContext. To display the auto-configuration report re-run your application with 'debug' enabled.
2017-12-22 23:53:40.089 [main] ERROR o.s.b.diagnostics.LoggingFailureAnalysisReporter - 

***************************
APPLICATION FAILED TO START
***************************

Description:

The Tomcat connector configured to listen on port 8080 failed to start. The port may already be in use or the connector may be misconfigured.

Action:

Verify the connector's configuration, identify and stop any process that's listening on port 8080, or configure this application to listen on another port.

2017-12-22 23:53:40.089 [main] INFO  o.s.b.c.e.AnnotationConfigEmbeddedWebApplicationContext - Closing org.springframework.boot.context.embedded.AnnotationConfigEmbeddedWebApplicationContext@b86de0d: startup date [Fri Dec 22 23:53:37 CST 2017]; root of context hierarchy
2017-12-22 23:53:40.090 [main] INFO  o.s.jmx.export.annotation.AnnotationMBeanExporter - Unregistering JMX-exposed beans on shutdown
2017-12-22 23:53:40.091 [main] INFO  o.s.orm.jpa.LocalContainerEntityManagerFactoryBean - Closing JPA EntityManagerFactory for persistence unit 'default'
2017-12-22 23:53:54.356 [main] INFO  com_matrix.message.App - Starting App on paris with PID 8224 (/home/neo/GitHub/message/target/classes started by neo in /home/neo/GitHub/message)
2017-12-22 23:53:54.359 [main] INFO  com_matrix.message.App - No active profile set, falling back to default profiles: default
2017-12-22 23:53:54.389 [main] INFO  o.s.b.c.e.AnnotationConfigEmbeddedWebApplicationContext - Refreshing org.springframework.boot.context.embedded.AnnotationConfigEmbeddedWebApplicationContext@b86de0d: startup date [Fri Dec 22 23:53:54 CST 2017]; root of context hierarchy
2017-12-22 23:53:54.515 [background-preinit] INFO  org.hibernate.validator.internal.util.Version - HV000001: Hibernate Validator 5.3.5.Final
2017-12-22 23:53:55.197 [main] INFO  o.s.b.c.e.tomcat.TomcatEmbeddedServletContainer - Tomcat initialized with port(s): 8080 (http)
2017-12-22 23:53:55.206 [main] INFO  org.apache.catalina.core.StandardService - Starting service [Tomcat]
2017-12-22 23:53:55.206 [main] INFO  org.apache.catalina.core.StandardEngine - Starting Servlet Engine: Apache Tomcat/8.5.15
2017-12-22 23:53:55.322 [localhost-startStop-1] INFO  org.apache.jasper.servlet.TldScanner - At least one JAR was scanned for TLDs yet contained no TLDs. Enable debug logging for this logger for a complete list of JARs that were scanned but no TLDs were found in them. Skipping unneeded JARs during scanning can improve startup time and JSP compilation time.
2017-12-22 23:53:55.324 [localhost-startStop-1] INFO  o.a.c.core.ContainerBase.[Tomcat].[localhost].[/] - Initializing Spring embedded WebApplicationContext
2017-12-22 23:53:55.325 [localhost-startStop-1] INFO  org.springframework.web.context.ContextLoader - Root WebApplicationContext: initialization completed in 936 ms
2017-12-22 23:53:55.422 [localhost-startStop-1] INFO  o.s.boot.web.servlet.ServletRegistrationBean - Mapping servlet: 'dispatcherServlet' to [/]
2017-12-22 23:53:55.424 [localhost-startStop-1] INFO  o.s.boot.web.servlet.FilterRegistrationBean - Mapping filter: 'characterEncodingFilter' to: [/*]
2017-12-22 23:53:55.424 [localhost-startStop-1] INFO  o.s.boot.web.servlet.FilterRegistrationBean - Mapping filter: 'hiddenHttpMethodFilter' to: [/*]
2017-12-22 23:53:55.424 [localhost-startStop-1] INFO  o.s.boot.web.servlet.FilterRegistrationBean - Mapping filter: 'httpPutFormContentFilter' to: [/*]
2017-12-22 23:53:55.424 [localhost-startStop-1] INFO  o.s.boot.web.servlet.FilterRegistrationBean - Mapping filter: 'requestContextFilter' to: [/*]
2017-12-22 23:53:55.769 [main] INFO  o.s.orm.jpa.LocalContainerEntityManagerFactoryBean - Building JPA container EntityManagerFactory for persistence unit 'default'
2017-12-22 23:53:55.779 [main] INFO  org.hibernate.jpa.internal.util.LogHelper - HHH000204: Processing PersistenceUnitInfo [
	name: default
	...]
2017-12-22 23:53:55.819 [main] INFO  org.hibernate.Version - HHH000412: Hibernate Core {5.0.12.Final}
2017-12-22 23:53:55.820 [main] INFO  org.hibernate.cfg.Environment - HHH000206: hibernate.properties not found
2017-12-22 23:53:55.821 [main] INFO  org.hibernate.cfg.Environment - HHH000021: Bytecode provider name : javassist
2017-12-22 23:53:55.844 [main] INFO  org.hibernate.annotations.common.Version - HCANN000001: Hibernate Commons Annotations {5.0.1.Final}
2017-12-22 23:53:55.949 [main] INFO  org.hibernate.dialect.Dialect - HHH000400: Using dialect: org.hibernate.dialect.MySQL5Dialect
2017-12-22 23:53:56.067 [main] INFO  o.s.orm.jpa.LocalContainerEntityManagerFactoryBean - Initialized JPA EntityManagerFactory for persistence unit 'default'
2017-12-22 23:54:01.259 [main] INFO  com_matrix.message.App - Starting App on paris with PID 8271 (/home/neo/GitHub/message/target/classes started by neo in /home/neo/GitHub/message)
2017-12-22 23:54:01.261 [main] INFO  com_matrix.message.App - No active profile set, falling back to default profiles: default
2017-12-22 23:54:01.289 [main] INFO  o.s.b.c.e.AnnotationConfigEmbeddedWebApplicationContext - Refreshing org.springframework.boot.context.embedded.AnnotationConfigEmbeddedWebApplicationContext@b86de0d: startup date [Fri Dec 22 23:54:01 CST 2017]; root of context hierarchy
2017-12-22 23:54:01.437 [background-preinit] INFO  org.hibernate.validator.internal.util.Version - HV000001: Hibernate Validator 5.3.5.Final
2017-12-22 23:54:02.042 [main] INFO  o.s.b.c.e.tomcat.TomcatEmbeddedServletContainer - Tomcat initialized with port(s): 8080 (http)
2017-12-22 23:54:02.050 [main] INFO  org.apache.catalina.core.StandardService - Starting service [Tomcat]
2017-12-22 23:54:02.051 [main] INFO  org.apache.catalina.core.StandardEngine - Starting Servlet Engine: Apache Tomcat/8.5.15
2017-12-22 23:54:02.160 [localhost-startStop-1] INFO  org.apache.jasper.servlet.TldScanner - At least one JAR was scanned for TLDs yet contained no TLDs. Enable debug logging for this logger for a complete list of JARs that were scanned but no TLDs were found in them. Skipping unneeded JARs during scanning can improve startup time and JSP compilation time.
2017-12-22 23:54:02.162 [localhost-startStop-1] INFO  o.a.c.core.ContainerBase.[Tomcat].[localhost].[/] - Initializing Spring embedded WebApplicationContext
2017-12-22 23:54:02.162 [localhost-startStop-1] INFO  org.springframework.web.context.ContextLoader - Root WebApplicationContext: initialization completed in 874 ms
2017-12-22 23:54:02.245 [localhost-startStop-1] INFO  o.s.boot.web.servlet.ServletRegistrationBean - Mapping servlet: 'dispatcherServlet' to [/]
2017-12-22 23:54:02.248 [localhost-startStop-1] INFO  o.s.boot.web.servlet.FilterRegistrationBean - Mapping filter: 'characterEncodingFilter' to: [/*]
2017-12-22 23:54:02.248 [localhost-startStop-1] INFO  o.s.boot.web.servlet.FilterRegistrationBean - Mapping filter: 'hiddenHttpMethodFilter' to: [/*]
2017-12-22 23:54:02.248 [localhost-startStop-1] INFO  o.s.boot.web.servlet.FilterRegistrationBean - Mapping filter: 'httpPutFormContentFilter' to: [/*]
2017-12-22 23:54:02.249 [localhost-startStop-1] INFO  o.s.boot.web.servlet.FilterRegistrationBean - Mapping filter: 'requestContextFilter' to: [/*]
2017-12-22 23:54:02.590 [main] INFO  o.s.orm.jpa.LocalContainerEntityManagerFactoryBean - Building JPA container EntityManagerFactory for persistence unit 'default'
2017-12-22 23:54:02.601 [main] INFO  org.hibernate.jpa.internal.util.LogHelper - HHH000204: Processing PersistenceUnitInfo [
	name: default
	...]
2017-12-22 23:54:02.641 [main] INFO  org.hibernate.Version - HHH000412: Hibernate Core {5.0.12.Final}
2017-12-22 23:54:02.642 [main] INFO  org.hibernate.cfg.Environment - HHH000206: hibernate.properties not found
2017-12-22 23:54:02.643 [main] INFO  org.hibernate.cfg.Environment - HHH000021: Bytecode provider name : javassist
2017-12-22 23:54:02.667 [main] INFO  org.hibernate.annotations.common.Version - HCANN000001: Hibernate Commons Annotations {5.0.1.Final}
2017-12-22 23:54:02.773 [main] INFO  org.hibernate.dialect.Dialect - HHH000400: Using dialect: org.hibernate.dialect.MySQL5Dialect
2017-12-22 23:54:02.890 [main] INFO  o.s.orm.jpa.LocalContainerEntityManagerFactoryBean - Initialized JPA EntityManagerFactory for persistence unit 'default'
2017-12-22 23:54:03.116 [main] INFO  o.s.w.s.m.m.a.RequestMappingHandlerAdapter - Looking for @ControllerAdvice: org.springframework.boot.context.embedded.AnnotationConfigEmbeddedWebApplicationContext@b86de0d: startup date [Fri Dec 22 23:54:01 CST 2017]; root of context hierarchy
2017-12-22 23:54:03.121 [main] INFO  o.s.w.s.m.m.a.RequestMappingHandlerAdapter - Detected @ModelAttribute methods in resourceUrlProviderController
2017-12-22 23:54:03.168 [main] INFO  o.s.w.s.m.m.a.RequestMappingHandlerMapping - Mapped "{[/hello/info]}" onto public java.util.Map<java.lang.String, java.lang.String> com_matrix.message.controller.helloController.getInfo(java.lang.String)
2017-12-22 23:54:03.168 [main] INFO  o.s.w.s.m.m.a.RequestMappingHandlerMapping - Mapped "{[/hello/list]}" onto public java.util.List<java.util.Map<java.lang.String, java.lang.String>> com_matrix.message.controller.helloController.getList()
2017-12-22 23:54:03.168 [main] INFO  o.s.w.s.m.m.a.RequestMappingHandlerMapping - Mapped "{[/hello/user]}" onto public java.util.List<com_matrix.message.entity.user> com_matrix.message.controller.helloController.listUser()
2017-12-22 23:54:03.168 [main] INFO  o.s.w.s.m.m.a.RequestMappingHandlerMapping - Mapped "{[/hello]}" onto public java.lang.String com_matrix.message.controller.helloController.hello()
2017-12-22 23:54:03.169 [main] INFO  o.s.w.s.m.m.a.RequestMappingHandlerMapping - Mapped "{[/left]}" onto public org.springframework.web.servlet.ModelAndView com_matrix.message.controller.jspController.left()
2017-12-22 23:54:03.169 [main] INFO  o.s.w.s.m.m.a.RequestMappingHandlerMapping - Mapped "{[/]}" onto public org.springframework.web.servlet.ModelAndView com_matrix.message.controller.jspController.index()
2017-12-22 23:54:03.169 [main] INFO  o.s.w.s.m.m.a.RequestMappingHandlerMapping - Mapped "{[/register]}" onto public java.lang.String com_matrix.message.controller.jspController.register(org.springframework.ui.Model)
2017-12-22 23:54:03.169 [main] INFO  o.s.w.s.m.m.a.RequestMappingHandlerMapping - Mapped "{[/webjarslocator/{webjar}/**]}" onto public org.springframework.http.ResponseEntity<java.lang.Object> com_matrix.message.controller.webJarsController.locateWebjarAsset(java.lang.String,javax.servlet.http.HttpServletRequest)
2017-12-22 23:54:03.170 [main] INFO  o.s.w.s.m.m.a.RequestMappingHandlerMapping - Mapped "{[/error],produces=[text/html]}" onto public org.springframework.web.servlet.ModelAndView org.springframework.boot.autoconfigure.web.BasicErrorController.errorHtml(javax.servlet.http.HttpServletRequest,javax.servlet.http.HttpServletResponse)
2017-12-22 23:54:03.171 [main] INFO  o.s.w.s.m.m.a.RequestMappingHandlerMapping - Mapped "{[/error]}" onto public org.springframework.http.ResponseEntity<java.util.Map<java.lang.String, java.lang.Object>> org.springframework.boot.autoconfigure.web.BasicErrorController.error(javax.servlet.http.HttpServletRequest)
2017-12-22 23:54:03.217 [main] INFO  o.s.web.servlet.handler.SimpleUrlHandlerMapping - Mapped URL path [/webjars/**] onto handler of type [class org.springframework.web.servlet.resource.ResourceHttpRequestHandler]
2017-12-22 23:54:03.218 [main] INFO  o.s.web.servlet.handler.SimpleUrlHandlerMapping - Mapped URL path [/**] onto handler of type [class org.springframework.web.servlet.resource.ResourceHttpRequestHandler]
2017-12-22 23:54:03.246 [main] INFO  o.s.web.servlet.handler.SimpleUrlHandlerMapping - Mapped URL path [/**/favicon.ico] onto handler of type [class org.springframework.web.servlet.resource.ResourceHttpRequestHandler]
2017-12-22 23:54:03.455 [main] INFO  o.s.jmx.export.annotation.AnnotationMBeanExporter - Registering beans for JMX exposure on startup
2017-12-22 23:54:03.465 [main] INFO  org.apache.coyote.http11.Http11NioProtocol - Initializing ProtocolHandler ["http-nio-8080"]
2017-12-22 23:54:03.473 [main] INFO  org.apache.coyote.http11.Http11NioProtocol - Starting ProtocolHandler ["http-nio-8080"]
2017-12-22 23:54:03.477 [main] INFO  org.apache.tomcat.util.net.NioSelectorPool - Using a shared selector for servlet write/read
2017-12-22 23:54:03.497 [main] INFO  o.s.b.c.e.tomcat.TomcatEmbeddedServletContainer - Tomcat started on port(s): 8080 (http)
2017-12-22 23:54:03.501 [main] INFO  com_matrix.message.App - Started App in 2.397 seconds (JVM running for 2.721)
2017-12-22 23:54:09.282 [http-nio-8080-exec-1] INFO  o.a.c.core.ContainerBase.[Tomcat].[localhost].[/] - Initializing Spring FrameworkServlet 'dispatcherServlet'
2017-12-22 23:54:09.283 [http-nio-8080-exec-1] INFO  org.springframework.web.servlet.DispatcherServlet - FrameworkServlet 'dispatcherServlet': initialization started
2017-12-22 23:54:09.291 [http-nio-8080-exec-1] INFO  org.springframework.web.servlet.DispatcherServlet - FrameworkServlet 'dispatcherServlet': initialization completed in 8 ms
2017-12-22 23:55:42.760 [main] INFO  com_matrix.message.App - Starting App on paris with PID 8436 (/home/neo/GitHub/message/target/classes started by neo in /home/neo/GitHub/message)
2017-12-22 23:55:42.763 [main] INFO  com_matrix.message.App - No active profile set, falling back to default profiles: default
2017-12-22 23:55:42.791 [main] INFO  o.s.b.c.e.AnnotationConfigEmbeddedWebApplicationContext - Refreshing org.springframework.boot.context.embedded.AnnotationConfigEmbeddedWebApplicationContext@b86de0d: startup date [Fri Dec 22 23:55:42 CST 2017]; root of context hierarchy
2017-12-22 23:55:42.913 [background-preinit] INFO  org.hibernate.validator.internal.util.Version - HV000001: Hibernate Validator 5.3.5.Final
2017-12-22 23:55:43.540 [main] INFO  o.s.b.c.e.tomcat.TomcatEmbeddedServletContainer - Tomcat initialized with port(s): 8080 (http)
2017-12-22 23:55:43.548 [main] INFO  org.apache.catalina.core.StandardService - Starting service [Tomcat]
2017-12-22 23:55:43.549 [main] INFO  org.apache.catalina.core.StandardEngine - Starting Servlet Engine: Apache Tomcat/8.5.15
2017-12-22 23:55:43.658 [localhost-startStop-1] INFO  org.apache.jasper.servlet.TldScanner - At least one JAR was scanned for TLDs yet contained no TLDs. Enable debug logging for this logger for a complete list of JARs that were scanned but no TLDs were found in them. Skipping unneeded JARs during scanning can improve startup time and JSP compilation time.
2017-12-22 23:55:43.660 [localhost-startStop-1] INFO  o.a.c.core.ContainerBase.[Tomcat].[localhost].[/] - Initializing Spring embedded WebApplicationContext
2017-12-22 23:55:43.660 [localhost-startStop-1] INFO  org.springframework.web.context.ContextLoader - Root WebApplicationContext: initialization completed in 869 ms
2017-12-22 23:55:43.754 [localhost-startStop-1] INFO  o.s.boot.web.servlet.ServletRegistrationBean - Mapping servlet: 'dispatcherServlet' to [/]
2017-12-22 23:55:43.756 [localhost-startStop-1] INFO  o.s.boot.web.servlet.FilterRegistrationBean - Mapping filter: 'characterEncodingFilter' to: [/*]
2017-12-22 23:55:43.757 [localhost-startStop-1] INFO  o.s.boot.web.servlet.FilterRegistrationBean - Mapping filter: 'hiddenHttpMethodFilter' to: [/*]
2017-12-22 23:55:43.757 [localhost-startStop-1] INFO  o.s.boot.web.servlet.FilterRegistrationBean - Mapping filter: 'httpPutFormContentFilter' to: [/*]
2017-12-22 23:55:43.757 [localhost-startStop-1] INFO  o.s.boot.web.servlet.FilterRegistrationBean - Mapping filter: 'requestContextFilter' to: [/*]
2017-12-22 23:55:44.113 [main] INFO  o.s.orm.jpa.LocalContainerEntityManagerFactoryBean - Building JPA container EntityManagerFactory for persistence unit 'default'
2017-12-22 23:55:44.125 [main] INFO  org.hibernate.jpa.internal.util.LogHelper - HHH000204: Processing PersistenceUnitInfo [
	name: default
	...]
2017-12-22 23:55:44.166 [main] INFO  org.hibernate.Version - HHH000412: Hibernate Core {5.0.12.Final}
2017-12-22 23:55:44.167 [main] INFO  org.hibernate.cfg.Environment - HHH000206: hibernate.properties not found
2017-12-22 23:55:44.168 [main] INFO  org.hibernate.cfg.Environment - HHH000021: Bytecode provider name : javassist
2017-12-22 23:55:44.194 [main] INFO  org.hibernate.annotations.common.Version - HCANN000001: Hibernate Commons Annotations {5.0.1.Final}
2017-12-22 23:55:44.299 [main] INFO  org.hibernate.dialect.Dialect - HHH000400: Using dialect: org.hibernate.dialect.MySQL5Dialect
2017-12-22 23:55:44.420 [main] INFO  o.s.orm.jpa.LocalContainerEntityManagerFactoryBean - Initialized JPA EntityManagerFactory for persistence unit 'default'
2017-12-22 23:55:44.654 [main] INFO  o.s.w.s.m.m.a.RequestMappingHandlerAdapter - Looking for @ControllerAdvice: org.springframework.boot.context.embedded.AnnotationConfigEmbeddedWebApplicationContext@b86de0d: startup date [Fri Dec 22 23:55:42 CST 2017]; root of context hierarchy
2017-12-22 23:55:44.659 [main] INFO  o.s.w.s.m.m.a.RequestMappingHandlerAdapter - Detected @ModelAttribute methods in resourceUrlProviderController
2017-12-22 23:55:44.708 [main] INFO  o.s.w.s.m.m.a.RequestMappingHandlerMapping - Mapped "{[/hello]}" onto public java.lang.String com_matrix.message.controller.helloController.hello()
2017-12-22 23:55:44.709 [main] INFO  o.s.w.s.m.m.a.RequestMappingHandlerMapping - Mapped "{[/hello/info]}" onto public java.util.Map<java.lang.String, java.lang.String> com_matrix.message.controller.helloController.getInfo(java.lang.String)
2017-12-22 23:55:44.709 [main] INFO  o.s.w.s.m.m.a.RequestMappingHandlerMapping - Mapped "{[/hello/list]}" onto public java.util.List<java.util.Map<java.lang.String, java.lang.String>> com_matrix.message.controller.helloController.getList()
2017-12-22 23:55:44.709 [main] INFO  o.s.w.s.m.m.a.RequestMappingHandlerMapping - Mapped "{[/hello/user]}" onto public java.util.List<com_matrix.message.entity.user> com_matrix.message.controller.helloController.listUser()
2017-12-22 23:55:44.709 [main] INFO  o.s.w.s.m.m.a.RequestMappingHandlerMapping - Mapped "{[/left]}" onto public org.springframework.web.servlet.ModelAndView com_matrix.message.controller.jspController.left()
2017-12-22 23:55:44.709 [main] INFO  o.s.w.s.m.m.a.RequestMappingHandlerMapping - Mapped "{[/]}" onto public org.springframework.web.servlet.ModelAndView com_matrix.message.controller.jspController.index()
2017-12-22 23:55:44.709 [main] INFO  o.s.w.s.m.m.a.RequestMappingHandlerMapping - Mapped "{[/register]}" onto public java.lang.String com_matrix.message.controller.jspController.register(org.springframework.ui.Model)
2017-12-22 23:55:44.710 [main] INFO  o.s.w.s.m.m.a.RequestMappingHandlerMapping - Mapped "{[/webjarslocator/{webjar}/**]}" onto public org.springframework.http.ResponseEntity<java.lang.Object> com_matrix.message.controller.webJarsController.locateWebjarAsset(java.lang.String,javax.servlet.http.HttpServletRequest)
2017-12-22 23:55:44.711 [main] INFO  o.s.w.s.m.m.a.RequestMappingHandlerMapping - Mapped "{[/error],produces=[text/html]}" onto public org.springframework.web.servlet.ModelAndView org.springframework.boot.autoconfigure.web.BasicErrorController.errorHtml(javax.servlet.http.HttpServletRequest,javax.servlet.http.HttpServletResponse)
2017-12-22 23:55:44.711 [main] INFO  o.s.w.s.m.m.a.RequestMappingHandlerMapping - Mapped "{[/error]}" onto public org.springframework.http.ResponseEntity<java.util.Map<java.lang.String, java.lang.Object>> org.springframework.boot.autoconfigure.web.BasicErrorController.error(javax.servlet.http.HttpServletRequest)
2017-12-22 23:55:44.759 [main] INFO  o.s.web.servlet.handler.SimpleUrlHandlerMapping - Mapped URL path [/webjars/**] onto handler of type [class org.springframework.web.servlet.resource.ResourceHttpRequestHandler]
2017-12-22 23:55:44.760 [main] INFO  o.s.web.servlet.handler.SimpleUrlHandlerMapping - Mapped URL path [/**] onto handler of type [class org.springframework.web.servlet.resource.ResourceHttpRequestHandler]
2017-12-22 23:55:44.789 [main] INFO  o.s.web.servlet.handler.SimpleUrlHandlerMapping - Mapped URL path [/**/favicon.ico] onto handler of type [class org.springframework.web.servlet.resource.ResourceHttpRequestHandler]
2017-12-22 23:55:45.005 [main] INFO  o.s.jmx.export.annotation.AnnotationMBeanExporter - Registering beans for JMX exposure on startup
2017-12-22 23:55:45.016 [main] INFO  org.apache.coyote.http11.Http11NioProtocol - Initializing ProtocolHandler ["http-nio-8080"]
2017-12-22 23:55:45.023 [main] INFO  org.apache.coyote.http11.Http11NioProtocol - Starting ProtocolHandler ["http-nio-8080"]
2017-12-22 23:55:45.026 [main] INFO  org.apache.tomcat.util.net.NioSelectorPool - Using a shared selector for servlet write/read
2017-12-22 23:55:45.045 [main] INFO  o.s.b.c.e.tomcat.TomcatEmbeddedServletContainer - Tomcat started on port(s): 8080 (http)
2017-12-22 23:55:45.048 [main] INFO  com_matrix.message.App - Started App in 2.433 seconds (JVM running for 2.726)
2017-12-22 23:55:51.289 [http-nio-8080-exec-2] INFO  o.a.c.core.ContainerBase.[Tomcat].[localhost].[/] - Initializing Spring FrameworkServlet 'dispatcherServlet'
2017-12-22 23:55:51.290 [http-nio-8080-exec-2] INFO  org.springframework.web.servlet.DispatcherServlet - FrameworkServlet 'dispatcherServlet': initialization started
2017-12-22 23:55:51.298 [http-nio-8080-exec-2] INFO  org.springframework.web.servlet.DispatcherServlet - FrameworkServlet 'dispatcherServlet': initialization completed in 8 ms
2017-12-22 23:57:37.794 [main] INFO  com_matrix.message.App - Starting App on paris with PID 8678 (/home/neo/GitHub/message/target/classes started by neo in /home/neo/GitHub/message)
2017-12-22 23:57:37.797 [main] INFO  com_matrix.message.App - No active profile set, falling back to default profiles: default
2017-12-22 23:57:37.829 [main] INFO  o.s.b.c.e.AnnotationConfigEmbeddedWebApplicationContext - Refreshing org.springframework.boot.context.embedded.AnnotationConfigEmbeddedWebApplicationContext@b86de0d: startup date [Fri Dec 22 23:57:37 CST 2017]; root of context hierarchy
2017-12-22 23:57:37.938 [background-preinit] INFO  org.hibernate.validator.internal.util.Version - HV000001: Hibernate Validator 5.3.5.Final
2017-12-22 23:57:38.605 [main] INFO  o.s.b.c.e.tomcat.TomcatEmbeddedServletContainer - Tomcat initialized with port(s): 8080 (http)
2017-12-22 23:57:38.615 [main] INFO  org.apache.catalina.core.StandardService - Starting service [Tomcat]
2017-12-22 23:57:38.616 [main] INFO  org.apache.catalina.core.StandardEngine - Starting Servlet Engine: Apache Tomcat/8.5.15
2017-12-22 23:57:38.747 [localhost-startStop-1] INFO  org.apache.jasper.servlet.TldScanner - At least one JAR was scanned for TLDs yet contained no TLDs. Enable debug logging for this logger for a complete list of JARs that were scanned but no TLDs were found in them. Skipping unneeded JARs during scanning can improve startup time and JSP compilation time.
2017-12-22 23:57:38.749 [localhost-startStop-1] INFO  o.a.c.core.ContainerBase.[Tomcat].[localhost].[/] - Initializing Spring embedded WebApplicationContext
2017-12-22 23:57:38.750 [localhost-startStop-1] INFO  org.springframework.web.context.ContextLoader - Root WebApplicationContext: initialization completed in 921 ms
2017-12-22 23:57:38.863 [localhost-startStop-1] INFO  o.s.boot.web.servlet.ServletRegistrationBean - Mapping servlet: 'dispatcherServlet' to [/]
2017-12-22 23:57:38.865 [localhost-startStop-1] INFO  o.s.boot.web.servlet.FilterRegistrationBean - Mapping filter: 'characterEncodingFilter' to: [/*]
2017-12-22 23:57:38.866 [localhost-startStop-1] INFO  o.s.boot.web.servlet.FilterRegistrationBean - Mapping filter: 'hiddenHttpMethodFilter' to: [/*]
2017-12-22 23:57:38.866 [localhost-startStop-1] INFO  o.s.boot.web.servlet.FilterRegistrationBean - Mapping filter: 'httpPutFormContentFilter' to: [/*]
2017-12-22 23:57:38.866 [localhost-startStop-1] INFO  o.s.boot.web.servlet.FilterRegistrationBean - Mapping filter: 'requestContextFilter' to: [/*]
2017-12-22 23:57:39.208 [main] INFO  o.s.orm.jpa.LocalContainerEntityManagerFactoryBean - Building JPA container EntityManagerFactory for persistence unit 'default'
2017-12-22 23:57:39.217 [main] INFO  org.hibernate.jpa.internal.util.LogHelper - HHH000204: Processing PersistenceUnitInfo [
	name: default
	...]
2017-12-22 23:57:39.256 [main] INFO  org.hibernate.Version - HHH000412: Hibernate Core {5.0.12.Final}
2017-12-22 23:57:39.257 [main] INFO  org.hibernate.cfg.Environment - HHH000206: hibernate.properties not found
2017-12-22 23:57:39.258 [main] INFO  org.hibernate.cfg.Environment - HHH000021: Bytecode provider name : javassist
2017-12-22 23:57:39.283 [main] INFO  org.hibernate.annotations.common.Version - HCANN000001: Hibernate Commons Annotations {5.0.1.Final}
2017-12-22 23:57:39.387 [main] INFO  org.hibernate.dialect.Dialect - HHH000400: Using dialect: org.hibernate.dialect.MySQL5Dialect
2017-12-22 23:57:39.503 [main] INFO  o.s.orm.jpa.LocalContainerEntityManagerFactoryBean - Initialized JPA EntityManagerFactory for persistence unit 'default'
2017-12-22 23:57:39.735 [main] INFO  o.s.w.s.m.m.a.RequestMappingHandlerAdapter - Looking for @ControllerAdvice: org.springframework.boot.context.embedded.AnnotationConfigEmbeddedWebApplicationContext@b86de0d: startup date [Fri Dec 22 23:57:37 CST 2017]; root of context hierarchy
2017-12-22 23:57:39.740 [main] INFO  o.s.w.s.m.m.a.RequestMappingHandlerAdapter - Detected @ModelAttribute methods in resourceUrlProviderController
2017-12-22 23:57:39.790 [main] INFO  o.s.w.s.m.m.a.RequestMappingHandlerMapping - Mapped "{[/hello/user]}" onto public java.util.List<com_matrix.message.entity.user> com_matrix.message.controller.helloController.listUser()
2017-12-22 23:57:39.791 [main] INFO  o.s.w.s.m.m.a.RequestMappingHandlerMapping - Mapped "{[/hello/list]}" onto public java.util.List<java.util.Map<java.lang.String, java.lang.String>> com_matrix.message.controller.helloController.getList()
2017-12-22 23:57:39.791 [main] INFO  o.s.w.s.m.m.a.RequestMappingHandlerMapping - Mapped "{[/hello/info]}" onto public java.util.Map<java.lang.String, java.lang.String> com_matrix.message.controller.helloController.getInfo(java.lang.String)
2017-12-22 23:57:39.791 [main] INFO  o.s.w.s.m.m.a.RequestMappingHandlerMapping - Mapped "{[/hello]}" onto public java.lang.String com_matrix.message.controller.helloController.hello()
2017-12-22 23:57:39.792 [main] INFO  o.s.w.s.m.m.a.RequestMappingHandlerMapping - Mapped "{[/left]}" onto public org.springframework.web.servlet.ModelAndView com_matrix.message.controller.jspController.left()
2017-12-22 23:57:39.792 [main] INFO  o.s.w.s.m.m.a.RequestMappingHandlerMapping - Mapped "{[/]}" onto public org.springframework.web.servlet.ModelAndView com_matrix.message.controller.jspController.index()
2017-12-22 23:57:39.792 [main] INFO  o.s.w.s.m.m.a.RequestMappingHandlerMapping - Mapped "{[/register]}" onto public java.lang.String com_matrix.message.controller.jspController.register(org.springframework.ui.Model)
2017-12-22 23:57:39.792 [main] INFO  o.s.w.s.m.m.a.RequestMappingHandlerMapping - Mapped "{[/webjarslocator/{webjar}/**]}" onto public org.springframework.http.ResponseEntity<java.lang.Object> com_matrix.message.controller.webJarsController.locateWebjarAsset(java.lang.String,javax.servlet.http.HttpServletRequest)
2017-12-22 23:57:39.794 [main] INFO  o.s.w.s.m.m.a.RequestMappingHandlerMapping - Mapped "{[/error],produces=[text/html]}" onto public org.springframework.web.servlet.ModelAndView org.springframework.boot.autoconfigure.web.BasicErrorController.errorHtml(javax.servlet.http.HttpServletRequest,javax.servlet.http.HttpServletResponse)
2017-12-22 23:57:39.794 [main] INFO  o.s.w.s.m.m.a.RequestMappingHandlerMapping - Mapped "{[/error]}" onto public org.springframework.http.ResponseEntity<java.util.Map<java.lang.String, java.lang.Object>> org.springframework.boot.autoconfigure.web.BasicErrorController.error(javax.servlet.http.HttpServletRequest)
2017-12-22 23:57:39.843 [main] INFO  o.s.web.servlet.handler.SimpleUrlHandlerMapping - Mapped URL path [/webjars/**] onto handler of type [class org.springframework.web.servlet.resource.ResourceHttpRequestHandler]
2017-12-22 23:57:39.843 [main] INFO  o.s.web.servlet.handler.SimpleUrlHandlerMapping - Mapped URL path [/**] onto handler of type [class org.springframework.web.servlet.resource.ResourceHttpRequestHandler]
2017-12-22 23:57:39.870 [main] INFO  o.s.web.servlet.handler.SimpleUrlHandlerMapping - Mapped URL path [/**/favicon.ico] onto handler of type [class org.springframework.web.servlet.resource.ResourceHttpRequestHandler]
2017-12-22 23:57:40.074 [main] INFO  o.s.jmx.export.annotation.AnnotationMBeanExporter - Registering beans for JMX exposure on startup
2017-12-22 23:57:40.085 [main] INFO  org.apache.coyote.http11.Http11NioProtocol - Initializing ProtocolHandler ["http-nio-8080"]
2017-12-22 23:57:40.092 [main] INFO  org.apache.coyote.http11.Http11NioProtocol - Starting ProtocolHandler ["http-nio-8080"]
2017-12-22 23:57:40.095 [main] INFO  org.apache.tomcat.util.net.NioSelectorPool - Using a shared selector for servlet write/read
2017-12-22 23:57:40.111 [main] INFO  o.s.b.c.e.tomcat.TomcatEmbeddedServletContainer - Tomcat started on port(s): 8080 (http)
2017-12-22 23:57:40.114 [main] INFO  com_matrix.message.App - Started App in 2.459 seconds (JVM running for 2.753)
2017-12-22 23:57:44.225 [http-nio-8080-exec-2] INFO  o.a.c.core.ContainerBase.[Tomcat].[localhost].[/] - Initializing Spring FrameworkServlet 'dispatcherServlet'
2017-12-22 23:57:44.225 [http-nio-8080-exec-2] INFO  org.springframework.web.servlet.DispatcherServlet - FrameworkServlet 'dispatcherServlet': initialization started
2017-12-22 23:57:44.234 [http-nio-8080-exec-2] INFO  org.springframework.web.servlet.DispatcherServlet - FrameworkServlet 'dispatcherServlet': initialization completed in 9 ms
